{"C:\\Users\\ngmul\\Documents\\Schoolwork\\Software Design\\Assignment\\LowLatency\\backend\\index.js": {"path":"C:\\Users\\ngmul\\Documents\\Schoolwork\\Software Design\\Assignment\\LowLatency\\backend\\index.js","statementMap":{"0":{"start":{"line":1,"column":0},"end":{"line":1,"column":27}},"1":{"start":{"line":3,"column":16},"end":{"line":3,"column":34}},"2":{"start":{"line":4,"column":13},"end":{"line":4,"column":28}},"3":{"start":{"line":5,"column":13},"end":{"line":5,"column":28}},"4":{"start":{"line":6,"column":19},"end":{"line":6,"column":43}},"5":{"start":{"line":8,"column":12},"end":{"line":8,"column":21}},"6":{"start":{"line":9,"column":13},"end":{"line":9,"column":37}},"7":{"start":{"line":10,"column":0},"end":{"line":10,"column":61}},"8":{"start":{"line":12,"column":0},"end":{"line":12,"column":16}},"9":{"start":{"line":13,"column":0},"end":{"line":13,"column":24}},"10":{"start":{"line":16,"column":0},"end":{"line":19,"column":3}},"11":{"start":{"line":17,"column":2},"end":{"line":17,"column":74}},"12":{"start":{"line":18,"column":2},"end":{"line":18,"column":9}},"13":{"start":{"line":21,"column":0},"end":{"line":21,"column":33}},"14":{"start":{"line":23,"column":0},"end":{"line":25,"column":3}},"15":{"start":{"line":24,"column":2},"end":{"line":24,"column":66}},"16":{"start":{"line":27,"column":0},"end":{"line":29,"column":3}},"17":{"start":{"line":28,"column":2},"end":{"line":28,"column":72}},"18":{"start":{"line":31,"column":0},"end":{"line":33,"column":3}},"19":{"start":{"line":32,"column":2},"end":{"line":32,"column":83}},"20":{"start":{"line":35,"column":0},"end":{"line":37,"column":3}},"21":{"start":{"line":36,"column":2},"end":{"line":36,"column":82}},"22":{"start":{"line":39,"column":0},"end":{"line":41,"column":3}},"23":{"start":{"line":40,"column":2},"end":{"line":40,"column":79}},"24":{"start":{"line":43,"column":0},"end":{"line":45,"column":3}},"25":{"start":{"line":44,"column":2},"end":{"line":44,"column":87}},"26":{"start":{"line":47,"column":0},"end":{"line":49,"column":3}},"27":{"start":{"line":48,"column":2},"end":{"line":48,"column":83}},"28":{"start":{"line":51,"column":0},"end":{"line":53,"column":3}},"29":{"start":{"line":52,"column":2},"end":{"line":52,"column":86}},"30":{"start":{"line":55,"column":0},"end":{"line":57,"column":3}},"31":{"start":{"line":56,"column":2},"end":{"line":56,"column":82}},"32":{"start":{"line":59,"column":0},"end":{"line":59,"column":21}},"33":{"start":{"line":61,"column":0},"end":{"line":65,"column":1}},"34":{"start":{"line":62,"column":2},"end":{"line":64,"column":5}},"35":{"start":{"line":63,"column":4},"end":{"line":63,"column":50}}},"fnMap":{"0":{"name":"(anonymous_0)","decl":{"start":{"line":16,"column":8},"end":{"line":16,"column":9}},"loc":{"start":{"line":16,"column":28},"end":{"line":19,"column":1}},"line":16},"1":{"name":"(anonymous_1)","decl":{"start":{"line":23,"column":13},"end":{"line":23,"column":14}},"loc":{"start":{"line":23,"column":27},"end":{"line":25,"column":1}},"line":23},"2":{"name":"(anonymous_2)","decl":{"start":{"line":27,"column":18},"end":{"line":27,"column":19}},"loc":{"start":{"line":27,"column":32},"end":{"line":29,"column":1}},"line":27},"3":{"name":"(anonymous_3)","decl":{"start":{"line":31,"column":29},"end":{"line":31,"column":30}},"loc":{"start":{"line":31,"column":43},"end":{"line":33,"column":1}},"line":31},"4":{"name":"(anonymous_4)","decl":{"start":{"line":35,"column":28},"end":{"line":35,"column":29}},"loc":{"start":{"line":35,"column":42},"end":{"line":37,"column":1}},"line":35},"5":{"name":"(anonymous_5)","decl":{"start":{"line":39,"column":25},"end":{"line":39,"column":26}},"loc":{"start":{"line":39,"column":39},"end":{"line":41,"column":1}},"line":39},"6":{"name":"(anonymous_6)","decl":{"start":{"line":43,"column":22},"end":{"line":43,"column":23}},"loc":{"start":{"line":43,"column":36},"end":{"line":45,"column":1}},"line":43},"7":{"name":"(anonymous_7)","decl":{"start":{"line":47,"column":18},"end":{"line":47,"column":19}},"loc":{"start":{"line":47,"column":32},"end":{"line":49,"column":1}},"line":47},"8":{"name":"(anonymous_8)","decl":{"start":{"line":51,"column":21},"end":{"line":51,"column":22}},"loc":{"start":{"line":51,"column":35},"end":{"line":53,"column":1}},"line":51},"9":{"name":"(anonymous_9)","decl":{"start":{"line":55,"column":28},"end":{"line":55,"column":29}},"loc":{"start":{"line":55,"column":42},"end":{"line":57,"column":1}},"line":55},"10":{"name":"(anonymous_10)","decl":{"start":{"line":62,"column":19},"end":{"line":62,"column":20}},"loc":{"start":{"line":62,"column":25},"end":{"line":64,"column":3}},"line":62}},"branchMap":{"0":{"loc":{"start":{"line":9,"column":13},"end":{"line":9,"column":37}},"type":"binary-expr","locations":[{"start":{"line":9,"column":13},"end":{"line":9,"column":29}},{"start":{"line":9,"column":33},"end":{"line":9,"column":37}}],"line":9},"1":{"loc":{"start":{"line":61,"column":0},"end":{"line":65,"column":1}},"type":"if","locations":[{"start":{"line":61,"column":0},"end":{"line":65,"column":1}},{"start":{},"end":{}}],"line":61}},"s":{"0":1,"1":1,"2":1,"3":1,"4":1,"5":1,"6":1,"7":1,"8":1,"9":1,"10":1,"11":0,"12":0,"13":1,"14":1,"15":0,"16":1,"17":0,"18":1,"19":0,"20":1,"21":0,"22":1,"23":0,"24":1,"25":0,"26":1,"27":0,"28":1,"29":0,"30":1,"31":0,"32":1,"33":1,"34":0,"35":0},"f":{"0":0,"1":0,"2":0,"3":0,"4":0,"5":0,"6":0,"7":0,"8":0,"9":0,"10":0},"b":{"0":[1,0],"1":[0,1]},"_coverageSchema":"1a1c01bbd47fc00a2c39e90264f33305004495a9","hash":"002469b369aa89035799124efa60a09e8572b0e5"}
,"C:\\Users\\ngmul\\Documents\\Schoolwork\\Software Design\\Assignment\\LowLatency\\backend\\prisma.config.js": {"path":"C:\\Users\\ngmul\\Documents\\Schoolwork\\Software Design\\Assignment\\LowLatency\\backend\\prisma.config.js","statementMap":{"0":{"start":{"line":2,"column":0},"end":{"line":2,"column":35}}},"fnMap":{},"branchMap":{},"s":{"0":0},"f":{},"b":{}}
,"C:\\Users\\ngmul\\Documents\\Schoolwork\\Software Design\\Assignment\\LowLatency\\backend\\routes\\user.js": {"path":"C:\\Users\\ngmul\\Documents\\Schoolwork\\Software Design\\Assignment\\LowLatency\\backend\\routes\\user.js","statementMap":{"0":{"start":{"line":2,"column":16},"end":{"line":2,"column":34}},"1":{"start":{"line":3,"column":15},"end":{"line":3,"column":31}},"2":{"start":{"line":4,"column":15},"end":{"line":4,"column":49}},"3":{"start":{"line":8,"column":57},"end":{"line":8,"column":65}},"4":{"start":{"line":10,"column":4},"end":{"line":53,"column":5}},"5":{"start":{"line":12,"column":29},"end":{"line":14,"column":10}},"6":{"start":{"line":16,"column":8},"end":{"line":18,"column":9}},"7":{"start":{"line":17,"column":12},"end":{"line":17,"column":91}},"8":{"start":{"line":21,"column":24},"end":{"line":29,"column":10}},"9":{"start":{"line":33,"column":8},"end":{"line":41,"column":9}},"10":{"start":{"line":34,"column":12},"end":{"line":40,"column":15}},"11":{"start":{"line":43,"column":8},"end":{"line":43,"column":65}},"12":{"start":{"line":44,"column":8},"end":{"line":44,"column":86}},"13":{"start":{"line":47,"column":8},"end":{"line":47,"column":66}},"14":{"start":{"line":48,"column":8},"end":{"line":48,"column":67}},"15":{"start":{"line":49,"column":8},"end":{"line":52,"column":11}},"16":{"start":{"line":59,"column":22},"end":{"line":59,"column":31}},"17":{"start":{"line":61,"column":4},"end":{"line":75,"column":5}},"18":{"start":{"line":62,"column":21},"end":{"line":65,"column":10}},"19":{"start":{"line":67,"column":8},"end":{"line":69,"column":9}},"20":{"start":{"line":68,"column":12},"end":{"line":68,"column":69}},"21":{"start":{"line":71,"column":8},"end":{"line":71,"column":50}},"22":{"start":{"line":73,"column":8},"end":{"line":73,"column":58}},"23":{"start":{"line":74,"column":8},"end":{"line":74,"column":66}},"24":{"start":{"line":78,"column":0},"end":{"line":78,"column":39}},"25":{"start":{"line":79,"column":0},"end":{"line":79,"column":33}},"26":{"start":{"line":81,"column":0},"end":{"line":81,"column":35}},"27":{"start":{"line":82,"column":0},"end":{"line":82,"column":33}},"28":{"start":{"line":84,"column":0},"end":{"line":84,"column":24}}},"fnMap":{"0":{"name":"registerUser","decl":{"start":{"line":7,"column":15},"end":{"line":7,"column":27}},"loc":{"start":{"line":7,"column":38},"end":{"line":54,"column":1}},"line":7},"1":{"name":"getUserRole","decl":{"start":{"line":58,"column":15},"end":{"line":58,"column":26}},"loc":{"start":{"line":58,"column":37},"end":{"line":76,"column":1}},"line":58}},"branchMap":{"0":{"loc":{"start":{"line":16,"column":8},"end":{"line":18,"column":9}},"type":"if","locations":[{"start":{"line":16,"column":8},"end":{"line":18,"column":9}},{"start":{},"end":{}}],"line":16},"1":{"loc":{"start":{"line":33,"column":8},"end":{"line":41,"column":9}},"type":"if","locations":[{"start":{"line":33,"column":8},"end":{"line":41,"column":9}},{"start":{},"end":{}}],"line":33},"2":{"loc":{"start":{"line":67,"column":8},"end":{"line":69,"column":9}},"type":"if","locations":[{"start":{"line":67,"column":8},"end":{"line":69,"column":9}},{"start":{},"end":{}}],"line":67}},"s":{"0":1,"1":1,"2":1,"3":3,"4":3,"5":3,"6":3,"7":1,"8":2,"9":2,"10":1,"11":2,"12":2,"13":0,"14":0,"15":0,"16":2,"17":2,"18":2,"19":2,"20":1,"21":1,"22":0,"23":0,"24":1,"25":1,"26":1,"27":1,"28":1},"f":{"0":3,"1":2},"b":{"0":[1,2],"1":[1,1],"2":[1,1]},"_coverageSchema":"1a1c01bbd47fc00a2c39e90264f33305004495a9","hash":"d343b0311500524680ac04cf7940e27aabc4dc77"}
,"C:\\Users\\ngmul\\Documents\\Schoolwork\\Software Design\\Assignment\\LowLatency\\frontend\\script.js": {"path":"C:\\Users\\ngmul\\Documents\\Schoolwork\\Software Design\\Assignment\\LowLatency\\frontend\\script.js","statementMap":{"0":{"start":{"line":1,"column":20},"end":{"line":1,"column":58}},"1":{"start":{"line":2,"column":17},"end":{"line":2,"column":52}},"2":{"start":{"line":3,"column":16},"end":{"line":3,"column":50}},"3":{"start":{"line":4,"column":19},"end":{"line":4,"column":56}},"4":{"start":{"line":5,"column":18},"end":{"line":5,"column":54}},"5":{"start":{"line":7,"column":0},"end":{"line":13,"column":1}},"6":{"start":{"line":8,"column":2},"end":{"line":12,"column":5}},"7":{"start":{"line":9,"column":28},"end":{"line":9,"column":70}},"8":{"start":{"line":10,"column":4},"end":{"line":10,"column":66}},"9":{"start":{"line":11,"column":4},"end":{"line":11,"column":42}},"10":{"start":{"line":15,"column":0},"end":{"line":21,"column":1}},"11":{"start":{"line":16,"column":2},"end":{"line":20,"column":5}},"12":{"start":{"line":17,"column":25},"end":{"line":17,"column":64}},"13":{"start":{"line":18,"column":4},"end":{"line":18,"column":69}},"14":{"start":{"line":19,"column":4},"end":{"line":19,"column":39}},"15":{"start":{"line":23,"column":0},"end":{"line":30,"column":1}},"16":{"start":{"line":24,"column":2},"end":{"line":29,"column":5}},"17":{"start":{"line":25,"column":24},"end":{"line":25,"column":62}},"18":{"start":{"line":26,"column":4},"end":{"line":27,"column":66}},"19":{"start":{"line":28,"column":4},"end":{"line":28,"column":38}},"20":{"start":{"line":32,"column":0},"end":{"line":45,"column":1}},"21":{"start":{"line":33,"column":2},"end":{"line":44,"column":5}},"22":{"start":{"line":34,"column":25},"end":{"line":34,"column":64}},"23":{"start":{"line":35,"column":23},"end":{"line":35,"column":60}},"24":{"start":{"line":37,"column":4},"end":{"line":40,"column":5}},"25":{"start":{"line":38,"column":6},"end":{"line":38,"column":42}},"26":{"start":{"line":39,"column":6},"end":{"line":39,"column":39}},"27":{"start":{"line":42,"column":4},"end":{"line":42,"column":64}},"28":{"start":{"line":43,"column":4},"end":{"line":43,"column":39}},"29":{"start":{"line":47,"column":0},"end":{"line":60,"column":1}},"30":{"start":{"line":48,"column":2},"end":{"line":59,"column":5}},"31":{"start":{"line":49,"column":25},"end":{"line":49,"column":64}},"32":{"start":{"line":50,"column":23},"end":{"line":50,"column":60}},"33":{"start":{"line":52,"column":4},"end":{"line":55,"column":5}},"34":{"start":{"line":53,"column":6},"end":{"line":53,"column":42}},"35":{"start":{"line":54,"column":6},"end":{"line":54,"column":37}},"36":{"start":{"line":57,"column":4},"end":{"line":57,"column":51}},"37":{"start":{"line":58,"column":4},"end":{"line":58,"column":37}}},"fnMap":{"0":{"name":"(anonymous_0)","decl":{"start":{"line":8,"column":40},"end":{"line":8,"column":41}},"loc":{"start":{"line":8,"column":52},"end":{"line":12,"column":3}},"line":8},"1":{"name":"(anonymous_1)","decl":{"start":{"line":16,"column":37},"end":{"line":16,"column":38}},"loc":{"start":{"line":16,"column":49},"end":{"line":20,"column":3}},"line":16},"2":{"name":"(anonymous_2)","decl":{"start":{"line":24,"column":36},"end":{"line":24,"column":37}},"loc":{"start":{"line":24,"column":48},"end":{"line":29,"column":3}},"line":24},"3":{"name":"(anonymous_3)","decl":{"start":{"line":33,"column":39},"end":{"line":33,"column":40}},"loc":{"start":{"line":33,"column":51},"end":{"line":44,"column":3}},"line":33},"4":{"name":"(anonymous_4)","decl":{"start":{"line":48,"column":38},"end":{"line":48,"column":39}},"loc":{"start":{"line":48,"column":50},"end":{"line":59,"column":3}},"line":48}},"branchMap":{"0":{"loc":{"start":{"line":7,"column":0},"end":{"line":13,"column":1}},"type":"if","locations":[{"start":{"line":7,"column":0},"end":{"line":13,"column":1}},{"start":{},"end":{}}],"line":7},"1":{"loc":{"start":{"line":15,"column":0},"end":{"line":21,"column":1}},"type":"if","locations":[{"start":{"line":15,"column":0},"end":{"line":21,"column":1}},{"start":{},"end":{}}],"line":15},"2":{"loc":{"start":{"line":23,"column":0},"end":{"line":30,"column":1}},"type":"if","locations":[{"start":{"line":23,"column":0},"end":{"line":30,"column":1}},{"start":{},"end":{}}],"line":23},"3":{"loc":{"start":{"line":32,"column":0},"end":{"line":45,"column":1}},"type":"if","locations":[{"start":{"line":32,"column":0},"end":{"line":45,"column":1}},{"start":{},"end":{}}],"line":32},"4":{"loc":{"start":{"line":37,"column":4},"end":{"line":40,"column":5}},"type":"if","locations":[{"start":{"line":37,"column":4},"end":{"line":40,"column":5}},{"start":{},"end":{}}],"line":37},"5":{"loc":{"start":{"line":47,"column":0},"end":{"line":60,"column":1}},"type":"if","locations":[{"start":{"line":47,"column":0},"end":{"line":60,"column":1}},{"start":{},"end":{}}],"line":47},"6":{"loc":{"start":{"line":52,"column":4},"end":{"line":55,"column":5}},"type":"if","locations":[{"start":{"line":52,"column":4},"end":{"line":55,"column":5}},{"start":{},"end":{}}],"line":52}},"s":{"0":5,"1":5,"2":5,"3":5,"4":5,"5":5,"6":5,"7":1,"8":1,"9":1,"10":5,"11":5,"12":1,"13":1,"14":1,"15":5,"16":5,"17":1,"18":1,"19":1,"20":5,"21":5,"22":1,"23":1,"24":1,"25":1,"26":1,"27":1,"28":1,"29":5,"30":5,"31":1,"32":1,"33":1,"34":1,"35":1,"36":1,"37":1},"f":{"0":1,"1":1,"2":1,"3":1,"4":1},"b":{"0":[5,0],"1":[5,0],"2":[5,0],"3":[5,0],"4":[1,0],"5":[5,0],"6":[1,0]},"_coverageSchema":"1a1c01bbd47fc00a2c39e90264f33305004495a9","hash":"26e6248befcad23d1720f89d345d604e8f6e9d67"}
}
