{"C:\\Users\\Administrator\\OneDrive\\Desktop\\sd\\LowLatency\\backend\\index.js": {"path":"C:\\Users\\Administrator\\OneDrive\\Desktop\\sd\\LowLatency\\backend\\index.js","statementMap":{"0":{"start":{"line":1,"column":0},"end":{"line":1,"column":27}},"1":{"start":{"line":3,"column":16},"end":{"line":3,"column":34}},"2":{"start":{"line":4,"column":13},"end":{"line":4,"column":28}},"3":{"start":{"line":5,"column":13},"end":{"line":5,"column":28}},"4":{"start":{"line":6,"column":19},"end":{"line":6,"column":43}},"5":{"start":{"line":7,"column":22},"end":{"line":7,"column":49}},"6":{"start":{"line":9,"column":12},"end":{"line":9,"column":21}},"7":{"start":{"line":10,"column":13},"end":{"line":10,"column":37}},"8":{"start":{"line":11,"column":0},"end":{"line":11,"column":61}},"9":{"start":{"line":13,"column":0},"end":{"line":13,"column":16}},"10":{"start":{"line":14,"column":0},"end":{"line":14,"column":24}},"11":{"start":{"line":17,"column":0},"end":{"line":20,"column":3}},"12":{"start":{"line":18,"column":2},"end":{"line":18,"column":74}},"13":{"start":{"line":19,"column":2},"end":{"line":19,"column":9}},"14":{"start":{"line":23,"column":0},"end":{"line":23,"column":33}},"15":{"start":{"line":24,"column":0},"end":{"line":24,"column":39}},"16":{"start":{"line":27,"column":0},"end":{"line":29,"column":3}},"17":{"start":{"line":28,"column":2},"end":{"line":28,"column":66}},"18":{"start":{"line":31,"column":0},"end":{"line":33,"column":3}},"19":{"start":{"line":32,"column":2},"end":{"line":32,"column":72}},"20":{"start":{"line":35,"column":0},"end":{"line":37,"column":3}},"21":{"start":{"line":36,"column":2},"end":{"line":36,"column":83}},"22":{"start":{"line":39,"column":0},"end":{"line":41,"column":3}},"23":{"start":{"line":40,"column":2},"end":{"line":40,"column":82}},"24":{"start":{"line":43,"column":0},"end":{"line":45,"column":3}},"25":{"start":{"line":44,"column":2},"end":{"line":44,"column":79}},"26":{"start":{"line":47,"column":0},"end":{"line":49,"column":3}},"27":{"start":{"line":48,"column":2},"end":{"line":48,"column":87}},"28":{"start":{"line":51,"column":0},"end":{"line":53,"column":3}},"29":{"start":{"line":52,"column":2},"end":{"line":52,"column":83}},"30":{"start":{"line":55,"column":0},"end":{"line":57,"column":3}},"31":{"start":{"line":56,"column":2},"end":{"line":56,"column":86}},"32":{"start":{"line":59,"column":0},"end":{"line":61,"column":3}},"33":{"start":{"line":60,"column":2},"end":{"line":60,"column":86}},"34":{"start":{"line":63,"column":0},"end":{"line":65,"column":3}},"35":{"start":{"line":64,"column":2},"end":{"line":64,"column":82}},"36":{"start":{"line":67,"column":0},"end":{"line":67,"column":21}},"37":{"start":{"line":69,"column":0},"end":{"line":73,"column":1}},"38":{"start":{"line":70,"column":2},"end":{"line":72,"column":5}},"39":{"start":{"line":71,"column":4},"end":{"line":71,"column":50}}},"fnMap":{"0":{"name":"(anonymous_0)","decl":{"start":{"line":17,"column":8},"end":{"line":17,"column":9}},"loc":{"start":{"line":17,"column":28},"end":{"line":20,"column":1}},"line":17},"1":{"name":"(anonymous_1)","decl":{"start":{"line":27,"column":13},"end":{"line":27,"column":14}},"loc":{"start":{"line":27,"column":27},"end":{"line":29,"column":1}},"line":27},"2":{"name":"(anonymous_2)","decl":{"start":{"line":31,"column":18},"end":{"line":31,"column":19}},"loc":{"start":{"line":31,"column":32},"end":{"line":33,"column":1}},"line":31},"3":{"name":"(anonymous_3)","decl":{"start":{"line":35,"column":29},"end":{"line":35,"column":30}},"loc":{"start":{"line":35,"column":43},"end":{"line":37,"column":1}},"line":35},"4":{"name":"(anonymous_4)","decl":{"start":{"line":39,"column":28},"end":{"line":39,"column":29}},"loc":{"start":{"line":39,"column":42},"end":{"line":41,"column":1}},"line":39},"5":{"name":"(anonymous_5)","decl":{"start":{"line":43,"column":25},"end":{"line":43,"column":26}},"loc":{"start":{"line":43,"column":39},"end":{"line":45,"column":1}},"line":43},"6":{"name":"(anonymous_6)","decl":{"start":{"line":47,"column":22},"end":{"line":47,"column":23}},"loc":{"start":{"line":47,"column":36},"end":{"line":49,"column":1}},"line":47},"7":{"name":"(anonymous_7)","decl":{"start":{"line":51,"column":18},"end":{"line":51,"column":19}},"loc":{"start":{"line":51,"column":32},"end":{"line":53,"column":1}},"line":51},"8":{"name":"(anonymous_8)","decl":{"start":{"line":55,"column":21},"end":{"line":55,"column":22}},"loc":{"start":{"line":55,"column":35},"end":{"line":57,"column":1}},"line":55},"9":{"name":"(anonymous_9)","decl":{"start":{"line":59,"column":32},"end":{"line":59,"column":33}},"loc":{"start":{"line":59,"column":46},"end":{"line":61,"column":1}},"line":59},"10":{"name":"(anonymous_10)","decl":{"start":{"line":63,"column":28},"end":{"line":63,"column":29}},"loc":{"start":{"line":63,"column":42},"end":{"line":65,"column":1}},"line":63},"11":{"name":"(anonymous_11)","decl":{"start":{"line":70,"column":19},"end":{"line":70,"column":20}},"loc":{"start":{"line":70,"column":25},"end":{"line":72,"column":3}},"line":70}},"branchMap":{"0":{"loc":{"start":{"line":10,"column":13},"end":{"line":10,"column":37}},"type":"binary-expr","locations":[{"start":{"line":10,"column":13},"end":{"line":10,"column":29}},{"start":{"line":10,"column":33},"end":{"line":10,"column":37}}],"line":10},"1":{"loc":{"start":{"line":69,"column":0},"end":{"line":73,"column":1}},"type":"if","locations":[{"start":{"line":69,"column":0},"end":{"line":73,"column":1}},{"start":{},"end":{}}],"line":69}},"s":{"0":0,"1":0,"2":0,"3":0,"4":0,"5":0,"6":0,"7":0,"8":0,"9":0,"10":0,"11":0,"12":0,"13":0,"14":0,"15":0,"16":0,"17":0,"18":0,"19":0,"20":0,"21":0,"22":0,"23":0,"24":0,"25":0,"26":0,"27":0,"28":0,"29":0,"30":0,"31":0,"32":0,"33":0,"34":0,"35":0,"36":0,"37":0,"38":0,"39":0},"f":{"0":0,"1":0,"2":0,"3":0,"4":0,"5":0,"6":0,"7":0,"8":0,"9":0,"10":0,"11":0},"b":{"0":[0,0],"1":[0,0]}}
,"C:\\Users\\Administrator\\OneDrive\\Desktop\\sd\\LowLatency\\backend\\prisma.config.js": {"path":"C:\\Users\\Administrator\\OneDrive\\Desktop\\sd\\LowLatency\\backend\\prisma.config.js","statementMap":{"0":{"start":{"line":2,"column":0},"end":{"line":2,"column":35}}},"fnMap":{},"branchMap":{},"s":{"0":0},"f":{},"b":{}}
,"C:\\Users\\Administrator\\OneDrive\\Desktop\\sd\\LowLatency\\backend\\routes\\profile.js": {"path":"C:\\Users\\Administrator\\OneDrive\\Desktop\\sd\\LowLatency\\backend\\routes\\profile.js","statementMap":{"0":{"start":{"line":1,"column":16},"end":{"line":1,"column":34}},"1":{"start":{"line":2,"column":15},"end":{"line":2,"column":31}},"2":{"start":{"line":3,"column":15},"end":{"line":3,"column":49}},"3":{"start":{"line":8,"column":29},"end":{"line":8,"column":39}},"4":{"start":{"line":10,"column":4},"end":{"line":59,"column":5}},"5":{"start":{"line":11,"column":21},"end":{"line":28,"column":10}},"6":{"start":{"line":30,"column":8},"end":{"line":32,"column":9}},"7":{"start":{"line":31,"column":12},"end":{"line":31,"column":78}},"8":{"start":{"line":35,"column":29},"end":{"line":35,"column":40}},"9":{"start":{"line":36,"column":8},"end":{"line":36,"column":64}},"10":{"start":{"line":39,"column":8},"end":{"line":53,"column":9}},"11":{"start":{"line":40,"column":12},"end":{"line":46,"column":16}},"12":{"start":{"line":40,"column":109},"end":{"line":46,"column":13}},"13":{"start":{"line":48,"column":12},"end":{"line":52,"column":16}},"14":{"start":{"line":48,"column":93},"end":{"line":52,"column":13}},"15":{"start":{"line":55,"column":8},"end":{"line":55,"column":43}},"16":{"start":{"line":57,"column":8},"end":{"line":57,"column":61}},"17":{"start":{"line":58,"column":8},"end":{"line":58,"column":89}},"18":{"start":{"line":64,"column":29},"end":{"line":64,"column":39}},"19":{"start":{"line":75,"column":8},"end":{"line":75,"column":16}},"20":{"start":{"line":77,"column":4},"end":{"line":238,"column":5}},"21":{"start":{"line":79,"column":29},"end":{"line":81,"column":10}},"22":{"start":{"line":83,"column":8},"end":{"line":85,"column":9}},"23":{"start":{"line":84,"column":12},"end":{"line":84,"column":70}},"24":{"start":{"line":88,"column":8},"end":{"line":94,"column":11}},"25":{"start":{"line":97,"column":8},"end":{"line":190,"column":9}},"26":{"start":{"line":98,"column":30},"end":{"line":98,"column":61}},"27":{"start":{"line":101,"column":44},"end":{"line":114,"column":14}},"28":{"start":{"line":117,"column":12},"end":{"line":153,"column":13}},"29":{"start":{"line":120,"column":16},"end":{"line":122,"column":19}},"30":{"start":{"line":125,"column":16},"end":{"line":152,"column":17}},"31":{"start":{"line":127,"column":35},"end":{"line":132,"column":22}},"32":{"start":{"line":134,"column":20},"end":{"line":141,"column":21}},"33":{"start":{"line":135,"column":24},"end":{"line":140,"column":27}},"34":{"start":{"line":144,"column":20},"end":{"line":151,"column":23}},"35":{"start":{"line":156,"column":12},"end":{"line":189,"column":13}},"36":{"start":{"line":159,"column":16},"end":{"line":161,"column":19}},"37":{"start":{"line":164,"column":16},"end":{"line":188,"column":17}},"38":{"start":{"line":166,"column":36},"end":{"line":170,"column":22}},"39":{"start":{"line":172,"column":20},"end":{"line":179,"column":21}},"40":{"start":{"line":173,"column":24},"end":{"line":178,"column":27}},"41":{"start":{"line":182,"column":20},"end":{"line":187,"column":23}},"42":{"start":{"line":193,"column":35},"end":{"line":203,"column":10}},"43":{"start":{"line":206,"column":8},"end":{"line":224,"column":9}},"44":{"start":{"line":207,"column":12},"end":{"line":213,"column":16}},"45":{"start":{"line":207,"column":121},"end":{"line":213,"column":13}},"46":{"start":{"line":215,"column":12},"end":{"line":219,"column":16}},"47":{"start":{"line":215,"column":105},"end":{"line":219,"column":13}},"48":{"start":{"line":222,"column":12},"end":{"line":222,"column":63}},"49":{"start":{"line":223,"column":12},"end":{"line":223,"column":55}},"50":{"start":{"line":227,"column":8},"end":{"line":230,"column":11}},"51":{"start":{"line":233,"column":8},"end":{"line":233,"column":69}},"52":{"start":{"line":234,"column":8},"end":{"line":237,"column":11}},"53":{"start":{"line":242,"column":0},"end":{"line":242,"column":45}},"54":{"start":{"line":243,"column":0},"end":{"line":243,"column":48}},"55":{"start":{"line":245,"column":0},"end":{"line":245,"column":24}}},"fnMap":{"0":{"name":"getUserProfile","decl":{"start":{"line":7,"column":15},"end":{"line":7,"column":29}},"loc":{"start":{"line":7,"column":40},"end":{"line":60,"column":1}},"line":7},"1":{"name":"(anonymous_1)","decl":{"start":{"line":40,"column":103},"end":{"line":40,"column":104}},"loc":{"start":{"line":40,"column":109},"end":{"line":46,"column":13}},"line":40},"2":{"name":"(anonymous_2)","decl":{"start":{"line":48,"column":87},"end":{"line":48,"column":88}},"loc":{"start":{"line":48,"column":93},"end":{"line":52,"column":13}},"line":48},"3":{"name":"updateUserProfile","decl":{"start":{"line":63,"column":15},"end":{"line":63,"column":32}},"loc":{"start":{"line":63,"column":43},"end":{"line":239,"column":1}},"line":63},"4":{"name":"(anonymous_4)","decl":{"start":{"line":207,"column":115},"end":{"line":207,"column":116}},"loc":{"start":{"line":207,"column":121},"end":{"line":213,"column":13}},"line":207},"5":{"name":"(anonymous_5)","decl":{"start":{"line":215,"column":99},"end":{"line":215,"column":100}},"loc":{"start":{"line":215,"column":105},"end":{"line":219,"column":13}},"line":215}},"branchMap":{"0":{"loc":{"start":{"line":30,"column":8},"end":{"line":32,"column":9}},"type":"if","locations":[{"start":{"line":30,"column":8},"end":{"line":32,"column":9}},{"start":{},"end":{}}],"line":30},"1":{"loc":{"start":{"line":39,"column":8},"end":{"line":53,"column":9}},"type":"if","locations":[{"start":{"line":39,"column":8},"end":{"line":53,"column":9}},{"start":{},"end":{}}],"line":39},"2":{"loc":{"start":{"line":83,"column":8},"end":{"line":85,"column":9}},"type":"if","locations":[{"start":{"line":83,"column":8},"end":{"line":85,"column":9}},{"start":{},"end":{}}],"line":83},"3":{"loc":{"start":{"line":91,"column":22},"end":{"line":91,"column":67}},"type":"cond-expr","locations":[{"start":{"line":91,"column":43},"end":{"line":91,"column":47}},{"start":{"line":91,"column":50},"end":{"line":91,"column":67}}],"line":91},"4":{"loc":{"start":{"line":92,"column":25},"end":{"line":92,"column":79}},"type":"cond-expr","locations":[{"start":{"line":92,"column":49},"end":{"line":92,"column":56}},{"start":{"line":92,"column":59},"end":{"line":92,"column":79}}],"line":92},"5":{"loc":{"start":{"line":97,"column":8},"end":{"line":190,"column":9}},"type":"if","locations":[{"start":{"line":97,"column":8},"end":{"line":190,"column":9}},{"start":{},"end":{}}],"line":97},"6":{"loc":{"start":{"line":98,"column":30},"end":{"line":98,"column":61}},"type":"cond-expr","locations":[{"start":{"line":98,"column":36},"end":{"line":98,"column":49}},{"start":{"line":98,"column":52},"end":{"line":98,"column":61}}],"line":98},"7":{"loc":{"start":{"line":104,"column":27},"end":{"line":104,"column":66}},"type":"cond-expr","locations":[{"start":{"line":104,"column":49},"end":{"line":104,"column":54}},{"start":{"line":104,"column":57},"end":{"line":104,"column":66}}],"line":104},"8":{"loc":{"start":{"line":105,"column":25},"end":{"line":105,"column":60}},"type":"cond-expr","locations":[{"start":{"line":105,"column":45},"end":{"line":105,"column":48}},{"start":{"line":105,"column":51},"end":{"line":105,"column":60}}],"line":105},"9":{"loc":{"start":{"line":106,"column":25},"end":{"line":106,"column":72}},"type":"cond-expr","locations":[{"start":{"line":106,"column":51},"end":{"line":106,"column":60}},{"start":{"line":106,"column":63},"end":{"line":106,"column":72}}],"line":106},"10":{"loc":{"start":{"line":110,"column":27},"end":{"line":110,"column":40}},"type":"binary-expr","locations":[{"start":{"line":110,"column":27},"end":{"line":110,"column":32}},{"start":{"line":110,"column":36},"end":{"line":110,"column":40}}],"line":110},"11":{"loc":{"start":{"line":111,"column":25},"end":{"line":111,"column":36}},"type":"binary-expr","locations":[{"start":{"line":111,"column":25},"end":{"line":111,"column":28}},{"start":{"line":111,"column":32},"end":{"line":111,"column":36}}],"line":111},"12":{"loc":{"start":{"line":112,"column":25},"end":{"line":112,"column":42}},"type":"binary-expr","locations":[{"start":{"line":112,"column":25},"end":{"line":112,"column":34}},{"start":{"line":112,"column":38},"end":{"line":112,"column":42}}],"line":112},"13":{"loc":{"start":{"line":117,"column":12},"end":{"line":153,"column":13}},"type":"if","locations":[{"start":{"line":117,"column":12},"end":{"line":153,"column":13}},{"start":{},"end":{}}],"line":117},"14":{"loc":{"start":{"line":117,"column":16},"end":{"line":117,"column":63}},"type":"binary-expr","locations":[{"start":{"line":117,"column":16},"end":{"line":117,"column":30}},{"start":{"line":117,"column":34},"end":{"line":117,"column":63}}],"line":117},"15":{"loc":{"start":{"line":129,"column":34},"end":{"line":129,"column":69}},"type":"binary-expr","locations":[{"start":{"line":129,"column":34},"end":{"line":129,"column":42}},{"start":{"line":129,"column":46},"end":{"line":129,"column":69}}],"line":129},"16":{"loc":{"start":{"line":134,"column":20},"end":{"line":141,"column":21}},"type":"if","locations":[{"start":{"line":134,"column":20},"end":{"line":141,"column":21}},{"start":{},"end":{}}],"line":134},"17":{"loc":{"start":{"line":137,"column":38},"end":{"line":137,"column":73}},"type":"binary-expr","locations":[{"start":{"line":137,"column":38},"end":{"line":137,"column":46}},{"start":{"line":137,"column":50},"end":{"line":137,"column":73}}],"line":137},"18":{"loc":{"start":{"line":156,"column":12},"end":{"line":189,"column":13}},"type":"if","locations":[{"start":{"line":156,"column":12},"end":{"line":189,"column":13}},{"start":{},"end":{}}],"line":156},"19":{"loc":{"start":{"line":156,"column":16},"end":{"line":156,"column":47}},"type":"binary-expr","locations":[{"start":{"line":156,"column":16},"end":{"line":156,"column":22}},{"start":{"line":156,"column":26},"end":{"line":156,"column":47}}],"line":156},"20":{"loc":{"start":{"line":172,"column":20},"end":{"line":179,"column":21}},"type":"if","locations":[{"start":{"line":172,"column":20},"end":{"line":179,"column":21}},{"start":{},"end":{}}],"line":172},"21":{"loc":{"start":{"line":176,"column":43},"end":{"line":176,"column":70}},"type":"binary-expr","locations":[{"start":{"line":176,"column":43},"end":{"line":176,"column":62}},{"start":{"line":176,"column":66},"end":{"line":176,"column":70}}],"line":176},"22":{"loc":{"start":{"line":206,"column":8},"end":{"line":224,"column":9}},"type":"if","locations":[{"start":{"line":206,"column":8},"end":{"line":224,"column":9}},{"start":{},"end":{}}],"line":206}},"s":{"0":1,"1":1,"2":1,"3":3,"4":3,"5":3,"6":2,"7":1,"8":1,"9":1,"10":1,"11":1,"12":0,"13":1,"14":0,"15":1,"16":1,"17":1,"18":4,"19":4,"20":4,"21":4,"22":3,"23":1,"24":2,"25":2,"26":1,"27":1,"28":1,"29":1,"30":1,"31":1,"32":1,"33":1,"34":1,"35":1,"36":1,"37":1,"38":1,"39":1,"40":0,"41":1,"42":2,"43":2,"44":0,"45":0,"46":0,"47":0,"48":0,"49":0,"50":2,"51":1,"52":1,"53":1,"54":1,"55":1},"f":{"0":3,"1":0,"2":0,"3":4,"4":0,"5":0},"b":{"0":[1,1],"1":[1,0],"2":[1,2],"3":[2,0],"4":[0,2],"5":[1,1],"6":[1,0],"7":[1,0],"8":[1,0],"9":[1,0],"10":[1,0],"11":[1,0],"12":[1,0],"13":[1,0],"14":[1,1],"15":[1,0],"16":[1,0],"17":[1,0],"18":[1,0],"19":[1,1],"20":[0,1],"21":[0,0],"22":[0,2]},"_coverageSchema":"1a1c01bbd47fc00a2c39e90264f33305004495a9","hash":"42fa74ce437a88929ab1f2d3b51863d7c2614856"}
,"C:\\Users\\Administrator\\OneDrive\\Desktop\\sd\\LowLatency\\backend\\routes\\user.js": {"path":"C:\\Users\\Administrator\\OneDrive\\Desktop\\sd\\LowLatency\\backend\\routes\\user.js","statementMap":{"0":{"start":{"line":2,"column":16},"end":{"line":2,"column":34}},"1":{"start":{"line":3,"column":15},"end":{"line":3,"column":31}},"2":{"start":{"line":4,"column":15},"end":{"line":4,"column":49}},"3":{"start":{"line":8,"column":57},"end":{"line":8,"column":65}},"4":{"start":{"line":10,"column":4},"end":{"line":56,"column":5}},"5":{"start":{"line":12,"column":29},"end":{"line":14,"column":10}},"6":{"start":{"line":16,"column":8},"end":{"line":18,"column":9}},"7":{"start":{"line":17,"column":12},"end":{"line":17,"column":91}},"8":{"start":{"line":21,"column":24},"end":{"line":44,"column":10}},"9":{"start":{"line":22,"column":25},"end":{"line":30,"column":14}},"10":{"start":{"line":32,"column":12},"end":{"line":41,"column":13}},"11":{"start":{"line":33,"column":16},"end":{"line":40,"column":19}},"12":{"start":{"line":43,"column":12},"end":{"line":43,"column":24}},"13":{"start":{"line":46,"column":8},"end":{"line":46,"column":65}},"14":{"start":{"line":47,"column":8},"end":{"line":47,"column":86}},"15":{"start":{"line":50,"column":8},"end":{"line":50,"column":66}},"16":{"start":{"line":51,"column":8},"end":{"line":51,"column":67}},"17":{"start":{"line":52,"column":8},"end":{"line":55,"column":11}},"18":{"start":{"line":61,"column":46},"end":{"line":61,"column":54}},"19":{"start":{"line":63,"column":4},"end":{"line":86,"column":5}},"20":{"start":{"line":64,"column":21},"end":{"line":67,"column":10}},"21":{"start":{"line":69,"column":8},"end":{"line":71,"column":9}},"22":{"start":{"line":70,"column":12},"end":{"line":70,"column":73}},"23":{"start":{"line":73,"column":8},"end":{"line":80,"column":11}},"24":{"start":{"line":82,"column":8},"end":{"line":82,"column":79}},"25":{"start":{"line":84,"column":8},"end":{"line":84,"column":61}},"26":{"start":{"line":85,"column":8},"end":{"line":85,"column":66}},"27":{"start":{"line":91,"column":18},"end":{"line":91,"column":33}},"28":{"start":{"line":92,"column":4},"end":{"line":94,"column":5}},"29":{"start":{"line":93,"column":8},"end":{"line":93,"column":81}},"30":{"start":{"line":96,"column":4},"end":{"line":109,"column":5}},"31":{"start":{"line":97,"column":21},"end":{"line":99,"column":10}},"32":{"start":{"line":101,"column":8},"end":{"line":103,"column":9}},"33":{"start":{"line":102,"column":12},"end":{"line":102,"column":70}},"34":{"start":{"line":105,"column":8},"end":{"line":105,"column":50}},"35":{"start":{"line":107,"column":8},"end":{"line":107,"column":58}},"36":{"start":{"line":108,"column":8},"end":{"line":108,"column":66}},"37":{"start":{"line":114,"column":18},"end":{"line":114,"column":33}},"38":{"start":{"line":115,"column":4},"end":{"line":117,"column":5}},"39":{"start":{"line":116,"column":8},"end":{"line":116,"column":81}},"40":{"start":{"line":119,"column":4},"end":{"line":137,"column":5}},"41":{"start":{"line":120,"column":21},"end":{"line":123,"column":10}},"42":{"start":{"line":125,"column":8},"end":{"line":127,"column":9}},"43":{"start":{"line":126,"column":12},"end":{"line":126,"column":74}},"44":{"start":{"line":129,"column":8},"end":{"line":133,"column":11}},"45":{"start":{"line":135,"column":8},"end":{"line":135,"column":75}},"46":{"start":{"line":136,"column":8},"end":{"line":136,"column":66}},"47":{"start":{"line":140,"column":0},"end":{"line":140,"column":39}},"48":{"start":{"line":141,"column":0},"end":{"line":141,"column":33}},"49":{"start":{"line":142,"column":0},"end":{"line":142,"column":56}},"50":{"start":{"line":143,"column":0},"end":{"line":143,"column":64}},"51":{"start":{"line":145,"column":0},"end":{"line":145,"column":35}},"52":{"start":{"line":146,"column":0},"end":{"line":146,"column":33}},"53":{"start":{"line":147,"column":0},"end":{"line":147,"column":51}},"54":{"start":{"line":148,"column":0},"end":{"line":148,"column":63}},"55":{"start":{"line":150,"column":0},"end":{"line":150,"column":24}}},"fnMap":{"0":{"name":"registerUser","decl":{"start":{"line":7,"column":15},"end":{"line":7,"column":27}},"loc":{"start":{"line":7,"column":38},"end":{"line":57,"column":1}},"line":7},"1":{"name":"(anonymous_1)","decl":{"start":{"line":21,"column":50},"end":{"line":21,"column":51}},"loc":{"start":{"line":21,"column":64},"end":{"line":44,"column":9}},"line":21},"2":{"name":"completeProviderOnboarding","decl":{"start":{"line":60,"column":15},"end":{"line":60,"column":41}},"loc":{"start":{"line":60,"column":52},"end":{"line":87,"column":1}},"line":60},"3":{"name":"getUserRole","decl":{"start":{"line":90,"column":15},"end":{"line":90,"column":26}},"loc":{"start":{"line":90,"column":37},"end":{"line":110,"column":1}},"line":90},"4":{"name":"getProviderOnboarded","decl":{"start":{"line":113,"column":15},"end":{"line":113,"column":35}},"loc":{"start":{"line":113,"column":46},"end":{"line":138,"column":1}},"line":113}},"branchMap":{"0":{"loc":{"start":{"line":16,"column":8},"end":{"line":18,"column":9}},"type":"if","locations":[{"start":{"line":16,"column":8},"end":{"line":18,"column":9}},{"start":{},"end":{}}],"line":16},"1":{"loc":{"start":{"line":32,"column":12},"end":{"line":41,"column":13}},"type":"if","locations":[{"start":{"line":32,"column":12},"end":{"line":41,"column":13}},{"start":{},"end":{}}],"line":32},"2":{"loc":{"start":{"line":69,"column":8},"end":{"line":71,"column":9}},"type":"if","locations":[{"start":{"line":69,"column":8},"end":{"line":71,"column":9}},{"start":{},"end":{}}],"line":69},"3":{"loc":{"start":{"line":69,"column":12},"end":{"line":69,"column":63}},"type":"binary-expr","locations":[{"start":{"line":69,"column":12},"end":{"line":69,"column":17}},{"start":{"line":69,"column":21},"end":{"line":69,"column":45}},{"start":{"line":69,"column":49},"end":{"line":69,"column":63}}],"line":69},"4":{"loc":{"start":{"line":77,"column":25},"end":{"line":77,"column":57}},"type":"binary-expr","locations":[{"start":{"line":77,"column":25},"end":{"line":77,"column":32}},{"start":{"line":77,"column":36},"end":{"line":77,"column":57}}],"line":77},"5":{"loc":{"start":{"line":92,"column":4},"end":{"line":94,"column":5}},"type":"if","locations":[{"start":{"line":92,"column":4},"end":{"line":94,"column":5}},{"start":{},"end":{}}],"line":92},"6":{"loc":{"start":{"line":101,"column":8},"end":{"line":103,"column":9}},"type":"if","locations":[{"start":{"line":101,"column":8},"end":{"line":103,"column":9}},{"start":{},"end":{}}],"line":101},"7":{"loc":{"start":{"line":115,"column":4},"end":{"line":117,"column":5}},"type":"if","locations":[{"start":{"line":115,"column":4},"end":{"line":117,"column":5}},{"start":{},"end":{}}],"line":115},"8":{"loc":{"start":{"line":125,"column":8},"end":{"line":127,"column":9}},"type":"if","locations":[{"start":{"line":125,"column":8},"end":{"line":127,"column":9}},{"start":{},"end":{}}],"line":125},"9":{"loc":{"start":{"line":125,"column":12},"end":{"line":125,"column":63}},"type":"binary-expr","locations":[{"start":{"line":125,"column":12},"end":{"line":125,"column":17}},{"start":{"line":125,"column":21},"end":{"line":125,"column":45}},{"start":{"line":125,"column":49},"end":{"line":125,"column":63}}],"line":125},"10":{"loc":{"start":{"line":131,"column":27},"end":{"line":131,"column":96}},"type":"cond-expr","locations":[{"start":{"line":131,"column":57},"end":{"line":131,"column":91}},{"start":{"line":131,"column":94},"end":{"line":131,"column":96}}],"line":131},"11":{"loc":{"start":{"line":132,"column":21},"end":{"line":132,"column":48}},"type":"binary-expr","locations":[{"start":{"line":132,"column":21},"end":{"line":132,"column":42}},{"start":{"line":132,"column":46},"end":{"line":132,"column":48}}],"line":132}},"s":{"0":0,"1":0,"2":0,"3":0,"4":0,"5":0,"6":0,"7":0,"8":0,"9":0,"10":0,"11":0,"12":0,"13":0,"14":0,"15":0,"16":0,"17":0,"18":0,"19":0,"20":0,"21":0,"22":0,"23":0,"24":0,"25":0,"26":0,"27":0,"28":0,"29":0,"30":0,"31":0,"32":0,"33":0,"34":0,"35":0,"36":0,"37":0,"38":0,"39":0,"40":0,"41":0,"42":0,"43":0,"44":0,"45":0,"46":0,"47":0,"48":0,"49":0,"50":0,"51":0,"52":0,"53":0,"54":0,"55":0},"f":{"0":0,"1":0,"2":0,"3":0,"4":0},"b":{"0":[0,0],"1":[0,0],"2":[0,0],"3":[0,0,0],"4":[0,0],"5":[0,0],"6":[0,0],"7":[0,0],"8":[0,0],"9":[0,0,0],"10":[0,0],"11":[0,0]}}
,"C:\\Users\\Administrator\\OneDrive\\Desktop\\sd\\LowLatency\\frontend\\script.js": {"path":"C:\\Users\\Administrator\\OneDrive\\Desktop\\sd\\LowLatency\\frontend\\script.js","statementMap":{"0":{"start":{"line":1,"column":20},"end":{"line":1,"column":58}},"1":{"start":{"line":2,"column":17},"end":{"line":2,"column":52}},"2":{"start":{"line":3,"column":16},"end":{"line":3,"column":50}},"3":{"start":{"line":4,"column":19},"end":{"line":4,"column":56}},"4":{"start":{"line":5,"column":18},"end":{"line":5,"column":54}},"5":{"start":{"line":7,"column":0},"end":{"line":13,"column":1}},"6":{"start":{"line":8,"column":2},"end":{"line":12,"column":5}},"7":{"start":{"line":9,"column":28},"end":{"line":9,"column":70}},"8":{"start":{"line":10,"column":4},"end":{"line":10,"column":66}},"9":{"start":{"line":11,"column":4},"end":{"line":11,"column":42}},"10":{"start":{"line":15,"column":0},"end":{"line":21,"column":1}},"11":{"start":{"line":16,"column":2},"end":{"line":20,"column":5}},"12":{"start":{"line":17,"column":25},"end":{"line":17,"column":64}},"13":{"start":{"line":18,"column":4},"end":{"line":18,"column":69}},"14":{"start":{"line":19,"column":4},"end":{"line":19,"column":39}},"15":{"start":{"line":23,"column":0},"end":{"line":30,"column":1}},"16":{"start":{"line":24,"column":2},"end":{"line":29,"column":5}},"17":{"start":{"line":25,"column":24},"end":{"line":25,"column":62}},"18":{"start":{"line":26,"column":4},"end":{"line":27,"column":66}},"19":{"start":{"line":28,"column":4},"end":{"line":28,"column":38}},"20":{"start":{"line":32,"column":0},"end":{"line":45,"column":1}},"21":{"start":{"line":33,"column":2},"end":{"line":44,"column":5}},"22":{"start":{"line":34,"column":25},"end":{"line":34,"column":64}},"23":{"start":{"line":35,"column":23},"end":{"line":35,"column":60}},"24":{"start":{"line":37,"column":4},"end":{"line":40,"column":5}},"25":{"start":{"line":38,"column":6},"end":{"line":38,"column":42}},"26":{"start":{"line":39,"column":6},"end":{"line":39,"column":39}},"27":{"start":{"line":42,"column":4},"end":{"line":42,"column":64}},"28":{"start":{"line":43,"column":4},"end":{"line":43,"column":39}},"29":{"start":{"line":47,"column":0},"end":{"line":60,"column":1}},"30":{"start":{"line":48,"column":2},"end":{"line":59,"column":5}},"31":{"start":{"line":49,"column":25},"end":{"line":49,"column":64}},"32":{"start":{"line":50,"column":23},"end":{"line":50,"column":60}},"33":{"start":{"line":52,"column":4},"end":{"line":55,"column":5}},"34":{"start":{"line":53,"column":6},"end":{"line":53,"column":42}},"35":{"start":{"line":54,"column":6},"end":{"line":54,"column":37}},"36":{"start":{"line":57,"column":4},"end":{"line":57,"column":51}},"37":{"start":{"line":58,"column":4},"end":{"line":58,"column":37}}},"fnMap":{"0":{"name":"(anonymous_0)","decl":{"start":{"line":8,"column":40},"end":{"line":8,"column":41}},"loc":{"start":{"line":8,"column":52},"end":{"line":12,"column":3}},"line":8},"1":{"name":"(anonymous_1)","decl":{"start":{"line":16,"column":37},"end":{"line":16,"column":38}},"loc":{"start":{"line":16,"column":49},"end":{"line":20,"column":3}},"line":16},"2":{"name":"(anonymous_2)","decl":{"start":{"line":24,"column":36},"end":{"line":24,"column":37}},"loc":{"start":{"line":24,"column":48},"end":{"line":29,"column":3}},"line":24},"3":{"name":"(anonymous_3)","decl":{"start":{"line":33,"column":39},"end":{"line":33,"column":40}},"loc":{"start":{"line":33,"column":51},"end":{"line":44,"column":3}},"line":33},"4":{"name":"(anonymous_4)","decl":{"start":{"line":48,"column":38},"end":{"line":48,"column":39}},"loc":{"start":{"line":48,"column":50},"end":{"line":59,"column":3}},"line":48}},"branchMap":{"0":{"loc":{"start":{"line":7,"column":0},"end":{"line":13,"column":1}},"type":"if","locations":[{"start":{"line":7,"column":0},"end":{"line":13,"column":1}},{"start":{},"end":{}}],"line":7},"1":{"loc":{"start":{"line":15,"column":0},"end":{"line":21,"column":1}},"type":"if","locations":[{"start":{"line":15,"column":0},"end":{"line":21,"column":1}},{"start":{},"end":{}}],"line":15},"2":{"loc":{"start":{"line":23,"column":0},"end":{"line":30,"column":1}},"type":"if","locations":[{"start":{"line":23,"column":0},"end":{"line":30,"column":1}},{"start":{},"end":{}}],"line":23},"3":{"loc":{"start":{"line":32,"column":0},"end":{"line":45,"column":1}},"type":"if","locations":[{"start":{"line":32,"column":0},"end":{"line":45,"column":1}},{"start":{},"end":{}}],"line":32},"4":{"loc":{"start":{"line":37,"column":4},"end":{"line":40,"column":5}},"type":"if","locations":[{"start":{"line":37,"column":4},"end":{"line":40,"column":5}},{"start":{},"end":{}}],"line":37},"5":{"loc":{"start":{"line":47,"column":0},"end":{"line":60,"column":1}},"type":"if","locations":[{"start":{"line":47,"column":0},"end":{"line":60,"column":1}},{"start":{},"end":{}}],"line":47},"6":{"loc":{"start":{"line":52,"column":4},"end":{"line":55,"column":5}},"type":"if","locations":[{"start":{"line":52,"column":4},"end":{"line":55,"column":5}},{"start":{},"end":{}}],"line":52}},"s":{"0":5,"1":5,"2":5,"3":5,"4":5,"5":5,"6":5,"7":1,"8":1,"9":1,"10":5,"11":5,"12":1,"13":1,"14":1,"15":5,"16":5,"17":1,"18":1,"19":1,"20":5,"21":5,"22":1,"23":1,"24":1,"25":1,"26":1,"27":1,"28":1,"29":5,"30":5,"31":1,"32":1,"33":1,"34":1,"35":1,"36":1,"37":1},"f":{"0":1,"1":1,"2":1,"3":1,"4":1},"b":{"0":[5,0],"1":[5,0],"2":[5,0],"3":[5,0],"4":[1,0],"5":[5,0],"6":[1,0]},"_coverageSchema":"1a1c01bbd47fc00a2c39e90264f33305004495a9","hash":"77c8dbb1c94efac0af440279c4c1621b960bbb4f"}
,"C:\\Users\\Administrator\\OneDrive\\Desktop\\sd\\LowLatency\\frontend\\roles_js\\applicant_view.js": {"path":"C:\\Users\\Administrator\\OneDrive\\Desktop\\sd\\LowLatency\\frontend\\roles_js\\applicant_view.js","statementMap":{"0":{"start":{"line":1,"column":31},"end":{"line":6,"column":1}},"1":{"start":{"line":8,"column":21},"end":{"line":8,"column":64}},"2":{"start":{"line":12,"column":4},"end":{"line":12,"column":68}},"3":{"start":{"line":17,"column":4},"end":{"line":17,"column":62}},"4":{"start":{"line":17,"column":39},"end":{"line":17,"column":60}},"5":{"start":{"line":22,"column":25},"end":{"line":24,"column":47}},"6":{"start":{"line":23,"column":21},"end":{"line":23,"column":44}},"7":{"start":{"line":24,"column":24},"end":{"line":24,"column":45}},"8":{"start":{"line":25,"column":4},"end":{"line":25,"column":56}},"9":{"start":{"line":30,"column":22},"end":{"line":30,"column":66}},"10":{"start":{"line":31,"column":4},"end":{"line":31,"column":29}},"11":{"start":{"line":32,"column":20},"end":{"line":32,"column":41}},"12":{"start":{"line":34,"column":4},"end":{"line":52,"column":7}},"13":{"start":{"line":35,"column":21},"end":{"line":35,"column":50}},"14":{"start":{"line":36,"column":8},"end":{"line":36,"column":44}},"15":{"start":{"line":37,"column":24},"end":{"line":37,"column":42}},"16":{"start":{"line":38,"column":8},"end":{"line":50,"column":10}},"17":{"start":{"line":51,"column":8},"end":{"line":51,"column":36}},"18":{"start":{"line":54,"column":4},"end":{"line":78,"column":7}},"19":{"start":{"line":55,"column":8},"end":{"line":77,"column":11}},"20":{"start":{"line":56,"column":23},"end":{"line":56,"column":50}},"21":{"start":{"line":57,"column":26},"end":{"line":57,"column":56}},"22":{"start":{"line":58,"column":28},"end":{"line":58,"column":60}},"23":{"start":{"line":61,"column":29},"end":{"line":61,"column":81}},"24":{"start":{"line":62,"column":34},"end":{"line":62,"column":94}},"25":{"start":{"line":64,"column":31},"end":{"line":64,"column":48}},"26":{"start":{"line":65,"column":12},"end":{"line":73,"column":15}},"27":{"start":{"line":74,"column":12},"end":{"line":74,"column":79}},"28":{"start":{"line":75,"column":12},"end":{"line":75,"column":86}},"29":{"start":{"line":76,"column":12},"end":{"line":76,"column":58}},"30":{"start":{"line":76,"column":29},"end":{"line":76,"column":50}},"31":{"start":{"line":83,"column":25},"end":{"line":83,"column":42}},"32":{"start":{"line":84,"column":22},"end":{"line":84,"column":65}},"33":{"start":{"line":86,"column":4},"end":{"line":89,"column":5}},"34":{"start":{"line":87,"column":8},"end":{"line":87,"column":110}},"35":{"start":{"line":88,"column":8},"end":{"line":88,"column":15}},"36":{"start":{"line":91,"column":4},"end":{"line":91,"column":29}},"37":{"start":{"line":92,"column":4},"end":{"line":103,"column":7}},"38":{"start":{"line":93,"column":20},"end":{"line":93,"column":49}},"39":{"start":{"line":94,"column":8},"end":{"line":94,"column":43}},"40":{"start":{"line":95,"column":8},"end":{"line":101,"column":10}},"41":{"start":{"line":102,"column":8},"end":{"line":102,"column":35}},"42":{"start":{"line":123,"column":21},"end":{"line":123,"column":73}},"43":{"start":{"line":126,"column":4},"end":{"line":126,"column":89}},"44":{"start":{"line":127,"column":4},"end":{"line":127,"column":91}},"45":{"start":{"line":128,"column":4},"end":{"line":128,"column":86}},"46":{"start":{"line":131,"column":21},"end":{"line":131,"column":78}},"47":{"start":{"line":132,"column":4},"end":{"line":132,"column":92}},"48":{"start":{"line":134,"column":4},"end":{"line":134,"column":82}},"49":{"start":{"line":138,"column":26},"end":{"line":138,"column":50}},"50":{"start":{"line":139,"column":20},"end":{"line":139,"column":81}},"51":{"start":{"line":141,"column":4},"end":{"line":145,"column":5}},"52":{"start":{"line":142,"column":8},"end":{"line":142,"column":68}},"53":{"start":{"line":144,"column":8},"end":{"line":144,"column":97}},"54":{"start":{"line":149,"column":27},"end":{"line":149,"column":67}},"55":{"start":{"line":150,"column":26},"end":{"line":150,"column":65}},"56":{"start":{"line":151,"column":23},"end":{"line":151,"column":59}},"57":{"start":{"line":153,"column":4},"end":{"line":153,"column":67}},"58":{"start":{"line":153,"column":24},"end":{"line":153,"column":67}},"59":{"start":{"line":154,"column":4},"end":{"line":154,"column":68}},"60":{"start":{"line":154,"column":23},"end":{"line":154,"column":68}},"61":{"start":{"line":155,"column":4},"end":{"line":155,"column":60}},"62":{"start":{"line":155,"column":20},"end":{"line":155,"column":60}},"63":{"start":{"line":158,"column":29},"end":{"line":158,"column":72}},"64":{"start":{"line":159,"column":4},"end":{"line":165,"column":5}},"65":{"start":{"line":160,"column":8},"end":{"line":164,"column":9}},"66":{"start":{"line":161,"column":12},"end":{"line":161,"column":76}},"67":{"start":{"line":163,"column":12},"end":{"line":163,"column":44}},"68":{"start":{"line":174,"column":4},"end":{"line":174,"column":81}},"69":{"start":{"line":174,"column":51},"end":{"line":174,"column":79}},"70":{"start":{"line":175,"column":4},"end":{"line":175,"column":89}},"71":{"start":{"line":175,"column":59},"end":{"line":175,"column":87}},"72":{"start":{"line":178,"column":4},"end":{"line":199,"column":5}},"73":{"start":{"line":180,"column":23},"end":{"line":180,"column":98}},"74":{"start":{"line":181,"column":8},"end":{"line":181,"column":51}},"75":{"start":{"line":181,"column":20},"end":{"line":181,"column":51}},"76":{"start":{"line":183,"column":8},"end":{"line":183,"column":76}},"77":{"start":{"line":184,"column":8},"end":{"line":184,"column":30}},"78":{"start":{"line":186,"column":11},"end":{"line":199,"column":5}},"79":{"start":{"line":187,"column":23},"end":{"line":187,"column":98}},"80":{"start":{"line":188,"column":8},"end":{"line":188,"column":51}},"81":{"start":{"line":188,"column":20},"end":{"line":188,"column":51}},"82":{"start":{"line":190,"column":8},"end":{"line":190,"column":75}},"83":{"start":{"line":191,"column":8},"end":{"line":191,"column":29}},"84":{"start":{"line":193,"column":11},"end":{"line":199,"column":5}},"85":{"start":{"line":194,"column":23},"end":{"line":194,"column":101}},"86":{"start":{"line":195,"column":8},"end":{"line":195,"column":51}},"87":{"start":{"line":195,"column":20},"end":{"line":195,"column":51}},"88":{"start":{"line":197,"column":8},"end":{"line":197,"column":70}},"89":{"start":{"line":198,"column":8},"end":{"line":198,"column":24}},"90":{"start":{"line":205,"column":4},"end":{"line":205,"column":61}},"91":{"start":{"line":209,"column":4},"end":{"line":209,"column":64}},"92":{"start":{"line":214,"column":16},"end":{"line":225,"column":1}},"93":{"start":{"line":228,"column":23},"end":{"line":228,"column":24}},"94":{"start":{"line":232,"column":4},"end":{"line":232,"column":23}},"95":{"start":{"line":233,"column":22},"end":{"line":233,"column":71}},"96":{"start":{"line":236,"column":21},"end":{"line":236,"column":50}},"97":{"start":{"line":237,"column":4},"end":{"line":237,"column":43}},"98":{"start":{"line":238,"column":4},"end":{"line":238,"column":50}},"99":{"start":{"line":241,"column":21},"end":{"line":241,"column":84}},"100":{"start":{"line":242,"column":4},"end":{"line":244,"column":7}},"101":{"start":{"line":243,"column":8},"end":{"line":243,"column":106}},"102":{"start":{"line":246,"column":4},"end":{"line":262,"column":6}},"103":{"start":{"line":264,"column":4},"end":{"line":264,"column":36}},"104":{"start":{"line":270,"column":16},"end":{"line":270,"column":46}},"105":{"start":{"line":271,"column":4},"end":{"line":271,"column":26}},"106":{"start":{"line":271,"column":13},"end":{"line":271,"column":26}},"107":{"start":{"line":276,"column":21},"end":{"line":276,"column":73}},"108":{"start":{"line":277,"column":22},"end":{"line":277,"column":71}},"109":{"start":{"line":278,"column":26},"end":{"line":278,"column":50}},"110":{"start":{"line":279,"column":26},"end":{"line":279,"column":69}},"111":{"start":{"line":282,"column":4},"end":{"line":282,"column":29}},"112":{"start":{"line":283,"column":4},"end":{"line":283,"column":25}},"113":{"start":{"line":286,"column":4},"end":{"line":299,"column":5}},"114":{"start":{"line":287,"column":8},"end":{"line":295,"column":11}},"115":{"start":{"line":288,"column":12},"end":{"line":288,"column":30}},"116":{"start":{"line":290,"column":30},"end":{"line":290,"column":56}},"117":{"start":{"line":292,"column":12},"end":{"line":292,"column":80}},"118":{"start":{"line":293,"column":12},"end":{"line":293,"column":70}},"119":{"start":{"line":294,"column":12},"end":{"line":294,"column":76}},"120":{"start":{"line":298,"column":8},"end":{"line":298,"column":26}},"121":{"start":{"line":301,"column":4},"end":{"line":301,"column":36}},"122":{"start":{"line":306,"column":21},"end":{"line":306,"column":73}},"123":{"start":{"line":307,"column":26},"end":{"line":307,"column":50}},"124":{"start":{"line":309,"column":4},"end":{"line":309,"column":73}},"125":{"start":{"line":310,"column":4},"end":{"line":310,"column":75}},"126":{"start":{"line":311,"column":4},"end":{"line":311,"column":70}},"127":{"start":{"line":314,"column":4},"end":{"line":314,"column":75}},"128":{"start":{"line":317,"column":16},"end":{"line":317,"column":72}},"129":{"start":{"line":318,"column":4},"end":{"line":318,"column":51}},"130":{"start":{"line":320,"column":4},"end":{"line":320,"column":35}},"131":{"start":{"line":325,"column":26},"end":{"line":330,"column":5}},"132":{"start":{"line":332,"column":20},"end":{"line":332,"column":59}},"133":{"start":{"line":334,"column":4},"end":{"line":339,"column":5}},"134":{"start":{"line":335,"column":8},"end":{"line":335,"column":40}},"135":{"start":{"line":336,"column":8},"end":{"line":336,"column":47}},"136":{"start":{"line":338,"column":8},"end":{"line":338,"column":65}},"137":{"start":{"line":344,"column":29},"end":{"line":344,"column":79}},"138":{"start":{"line":345,"column":24},"end":{"line":345,"column":26}},"139":{"start":{"line":348,"column":4},"end":{"line":361,"column":5}},"140":{"start":{"line":349,"column":28},"end":{"line":349,"column":73}},"141":{"start":{"line":350,"column":25},"end":{"line":350,"column":62}},"142":{"start":{"line":351,"column":31},"end":{"line":351,"column":69}},"143":{"start":{"line":353,"column":8},"end":{"line":360,"column":9}},"144":{"start":{"line":354,"column":12},"end":{"line":359,"column":15}},"145":{"start":{"line":364,"column":20},"end":{"line":366,"column":6}},"146":{"start":{"line":368,"column":4},"end":{"line":376,"column":5}},"147":{"start":{"line":369,"column":8},"end":{"line":369,"column":41}},"148":{"start":{"line":371,"column":8},"end":{"line":371,"column":61}},"149":{"start":{"line":372,"column":8},"end":{"line":372,"column":33}},"150":{"start":{"line":375,"column":8},"end":{"line":375,"column":66}},"151":{"start":{"line":382,"column":22},"end":{"line":382,"column":74}},"152":{"start":{"line":383,"column":21},"end":{"line":383,"column":73}},"153":{"start":{"line":386,"column":4},"end":{"line":404,"column":5}},"154":{"start":{"line":387,"column":8},"end":{"line":402,"column":10}},"155":{"start":{"line":403,"column":8},"end":{"line":403,"column":15}},"156":{"start":{"line":406,"column":4},"end":{"line":406,"column":29}},"157":{"start":{"line":409,"column":4},"end":{"line":434,"column":7}},"158":{"start":{"line":410,"column":22},"end":{"line":410,"column":51}},"159":{"start":{"line":411,"column":8},"end":{"line":411,"column":44}},"160":{"start":{"line":413,"column":8},"end":{"line":431,"column":10}},"161":{"start":{"line":433,"column":8},"end":{"line":433,"column":37}},"162":{"start":{"line":439,"column":21},"end":{"line":439,"column":73}},"163":{"start":{"line":440,"column":26},"end":{"line":440,"column":50}},"164":{"start":{"line":442,"column":4},"end":{"line":442,"column":75}},"165":{"start":{"line":443,"column":4},"end":{"line":443,"column":26}},"166":{"start":{"line":447,"column":19},"end":{"line":447,"column":63}},"167":{"start":{"line":450,"column":20},"end":{"line":450,"column":61}},"168":{"start":{"line":452,"column":4},"end":{"line":459,"column":5}},"169":{"start":{"line":453,"column":8},"end":{"line":453,"column":31}},"170":{"start":{"line":456,"column":8},"end":{"line":456,"column":43}},"171":{"start":{"line":458,"column":8},"end":{"line":458,"column":55}},"172":{"start":{"line":464,"column":24},"end":{"line":464,"column":60}},"173":{"start":{"line":466,"column":4},"end":{"line":469,"column":5}},"174":{"start":{"line":467,"column":8},"end":{"line":467,"column":37}},"175":{"start":{"line":468,"column":8},"end":{"line":468,"column":15}},"176":{"start":{"line":471,"column":4},"end":{"line":498,"column":5}},"177":{"start":{"line":473,"column":25},"end":{"line":477,"column":10}},"178":{"start":{"line":479,"column":8},"end":{"line":482,"column":9}},"179":{"start":{"line":480,"column":30},"end":{"line":480,"column":51}},"180":{"start":{"line":481,"column":12},"end":{"line":481,"column":77}},"181":{"start":{"line":485,"column":33},"end":{"line":485,"column":54}},"182":{"start":{"line":486,"column":8},"end":{"line":486,"column":75}},"183":{"start":{"line":487,"column":8},"end":{"line":487,"column":89}},"184":{"start":{"line":490,"column":8},"end":{"line":490,"column":24}},"185":{"start":{"line":493,"column":8},"end":{"line":493,"column":20}},"186":{"start":{"line":496,"column":8},"end":{"line":496,"column":62}},"187":{"start":{"line":497,"column":8},"end":{"line":497,"column":21}},"188":{"start":{"line":503,"column":24},"end":{"line":503,"column":60}},"189":{"start":{"line":505,"column":4},"end":{"line":521,"column":5}},"190":{"start":{"line":508,"column":25},"end":{"line":508,"column":67}},"191":{"start":{"line":509,"column":28},"end":{"line":509,"column":49}},"192":{"start":{"line":512,"column":8},"end":{"line":512,"column":70}},"193":{"start":{"line":516,"column":8},"end":{"line":516,"column":24}},"194":{"start":{"line":517,"column":8},"end":{"line":517,"column":33}},"195":{"start":{"line":520,"column":8},"end":{"line":520,"column":55}},"196":{"start":{"line":525,"column":22},"end":{"line":525,"column":55}},"197":{"start":{"line":526,"column":19},"end":{"line":526,"column":57}},"198":{"start":{"line":529,"column":4},"end":{"line":532,"column":5}},"199":{"start":{"line":530,"column":8},"end":{"line":530,"column":90}},"200":{"start":{"line":531,"column":8},"end":{"line":531,"column":15}},"201":{"start":{"line":534,"column":17},"end":{"line":534,"column":35}},"202":{"start":{"line":537,"column":27},"end":{"line":537,"column":42}},"203":{"start":{"line":538,"column":4},"end":{"line":541,"column":5}},"204":{"start":{"line":539,"column":8},"end":{"line":539,"column":98}},"205":{"start":{"line":540,"column":8},"end":{"line":540,"column":15}},"206":{"start":{"line":544,"column":4},"end":{"line":544,"column":72}},"207":{"start":{"line":547,"column":4},"end":{"line":569,"column":13}},"208":{"start":{"line":549,"column":8},"end":{"line":549,"column":90}},"209":{"start":{"line":552,"column":23},"end":{"line":552,"column":75}},"210":{"start":{"line":553,"column":8},"end":{"line":553,"column":36}},"211":{"start":{"line":554,"column":8},"end":{"line":554,"column":67}},"212":{"start":{"line":557,"column":8},"end":{"line":559,"column":9}},"213":{"start":{"line":558,"column":12},"end":{"line":558,"column":28}},"214":{"start":{"line":562,"column":8},"end":{"line":562,"column":29}},"215":{"start":{"line":565,"column":8},"end":{"line":567,"column":17}},"216":{"start":{"line":566,"column":12},"end":{"line":566,"column":34}},"217":{"start":{"line":578,"column":0},"end":{"line":596,"column":1}},"218":{"start":{"line":580,"column":4},"end":{"line":588,"column":6}},"219":{"start":{"line":593,"column":4},"end":{"line":593,"column":26}},"220":{"start":{"line":594,"column":4},"end":{"line":594,"column":29}},"221":{"start":{"line":595,"column":4},"end":{"line":595,"column":24}}},"fnMap":{"0":{"name":"getApplications","decl":{"start":{"line":11,"column":9},"end":{"line":11,"column":24}},"loc":{"start":{"line":11,"column":27},"end":{"line":13,"column":1}},"line":11},"1":{"name":"hasApplied","decl":{"start":{"line":16,"column":9},"end":{"line":16,"column":19}},"loc":{"start":{"line":16,"column":24},"end":{"line":18,"column":1}},"line":16},"2":{"name":"(anonymous_2)","decl":{"start":{"line":17,"column":34},"end":{"line":17,"column":35}},"loc":{"start":{"line":17,"column":39},"end":{"line":17,"column":60}},"line":17},"3":{"name":"getAllOpportunities","decl":{"start":{"line":21,"column":9},"end":{"line":21,"column":28}},"loc":{"start":{"line":21,"column":31},"end":{"line":26,"column":1}},"line":21},"4":{"name":"(anonymous_4)","decl":{"start":{"line":23,"column":16},"end":{"line":23,"column":17}},"loc":{"start":{"line":23,"column":21},"end":{"line":23,"column":44}},"line":23},"5":{"name":"(anonymous_5)","decl":{"start":{"line":24,"column":13},"end":{"line":24,"column":14}},"loc":{"start":{"line":24,"column":24},"end":{"line":24,"column":45}},"line":24},"6":{"name":"renderOpportunities","decl":{"start":{"line":29,"column":9},"end":{"line":29,"column":28}},"loc":{"start":{"line":29,"column":31},"end":{"line":79,"column":1}},"line":29},"7":{"name":"(anonymous_7)","decl":{"start":{"line":34,"column":20},"end":{"line":34,"column":21}},"loc":{"start":{"line":34,"column":27},"end":{"line":52,"column":5}},"line":34},"8":{"name":"(anonymous_8)","decl":{"start":{"line":54,"column":52},"end":{"line":54,"column":53}},"loc":{"start":{"line":54,"column":59},"end":{"line":78,"column":5}},"line":54},"9":{"name":"(anonymous_9)","decl":{"start":{"line":55,"column":38},"end":{"line":55,"column":39}},"loc":{"start":{"line":55,"column":44},"end":{"line":77,"column":9}},"line":55},"10":{"name":"(anonymous_10)","decl":{"start":{"line":76,"column":23},"end":{"line":76,"column":24}},"loc":{"start":{"line":76,"column":29},"end":{"line":76,"column":50}},"line":76},"11":{"name":"renderApplications","decl":{"start":{"line":82,"column":9},"end":{"line":82,"column":27}},"loc":{"start":{"line":82,"column":30},"end":{"line":104,"column":1}},"line":82},"12":{"name":"(anonymous_12)","decl":{"start":{"line":92,"column":25},"end":{"line":92,"column":26}},"loc":{"start":{"line":92,"column":32},"end":{"line":103,"column":5}},"line":92},"13":{"name":"renderProfile","decl":{"start":{"line":122,"column":9},"end":{"line":122,"column":22}},"loc":{"start":{"line":122,"column":25},"end":{"line":169,"column":1}},"line":122},"14":{"name":"showTab","decl":{"start":{"line":172,"column":9},"end":{"line":172,"column":16}},"loc":{"start":{"line":172,"column":26},"end":{"line":200,"column":1}},"line":172},"15":{"name":"(anonymous_15)","decl":{"start":{"line":174,"column":46},"end":{"line":174,"column":47}},"loc":{"start":{"line":174,"column":51},"end":{"line":174,"column":79}},"line":174},"16":{"name":"(anonymous_16)","decl":{"start":{"line":175,"column":54},"end":{"line":175,"column":55}},"loc":{"start":{"line":175,"column":59},"end":{"line":175,"column":87}},"line":175},"17":{"name":"openModal","decl":{"start":{"line":204,"column":9},"end":{"line":204,"column":18}},"loc":{"start":{"line":204,"column":28},"end":{"line":206,"column":1}},"line":204},"18":{"name":"closeModal","decl":{"start":{"line":208,"column":9},"end":{"line":208,"column":19}},"loc":{"start":{"line":208,"column":29},"end":{"line":210,"column":1}},"line":208},"19":{"name":"addEducationRow","decl":{"start":{"line":231,"column":9},"end":{"line":231,"column":24}},"loc":{"start":{"line":231,"column":27},"end":{"line":265,"column":1}},"line":231},"20":{"name":"(anonymous_20)","decl":{"start":{"line":242,"column":20},"end":{"line":242,"column":21}},"loc":{"start":{"line":242,"column":27},"end":{"line":244,"column":5}},"line":242},"21":{"name":"removeEducationRow","decl":{"start":{"line":269,"column":9},"end":{"line":269,"column":27}},"loc":{"start":{"line":269,"column":35},"end":{"line":272,"column":1}},"line":269},"22":{"name":"prepEducationInfoModal","decl":{"start":{"line":275,"column":9},"end":{"line":275,"column":31}},"loc":{"start":{"line":275,"column":34},"end":{"line":302,"column":1}},"line":275},"23":{"name":"(anonymous_23)","decl":{"start":{"line":287,"column":30},"end":{"line":287,"column":31}},"loc":{"start":{"line":287,"column":37},"end":{"line":295,"column":9}},"line":287},"24":{"name":"prepPersonalInfoModal","decl":{"start":{"line":305,"column":9},"end":{"line":305,"column":30}},"loc":{"start":{"line":305,"column":33},"end":{"line":321,"column":1}},"line":305},"25":{"name":"savePersonalInfo","decl":{"start":{"line":323,"column":15},"end":{"line":323,"column":31}},"loc":{"start":{"line":323,"column":34},"end":{"line":340,"column":1}},"line":323},"26":{"name":"saveEducationInfo","decl":{"start":{"line":343,"column":15},"end":{"line":343,"column":32}},"loc":{"start":{"line":343,"column":35},"end":{"line":377,"column":1}},"line":343},"27":{"name":"renderEducationDisplay","decl":{"start":{"line":381,"column":9},"end":{"line":381,"column":31}},"loc":{"start":{"line":381,"column":34},"end":{"line":435,"column":1}},"line":381},"28":{"name":"(anonymous_28)","decl":{"start":{"line":409,"column":31},"end":{"line":409,"column":32}},"loc":{"start":{"line":409,"column":38},"end":{"line":434,"column":5}},"line":409},"29":{"name":"prepBioModal","decl":{"start":{"line":438,"column":9},"end":{"line":438,"column":21}},"loc":{"start":{"line":438,"column":24},"end":{"line":444,"column":1}},"line":438},"30":{"name":"saveBio","decl":{"start":{"line":446,"column":15},"end":{"line":446,"column":22}},"loc":{"start":{"line":446,"column":25},"end":{"line":460,"column":1}},"line":446},"31":{"name":"saveProfileChanges","decl":{"start":{"line":463,"column":15},"end":{"line":463,"column":33}},"loc":{"start":{"line":463,"column":50},"end":{"line":499,"column":1}},"line":463},"32":{"name":"loadDataOnStartup","decl":{"start":{"line":502,"column":15},"end":{"line":502,"column":32}},"loc":{"start":{"line":502,"column":35},"end":{"line":522,"column":1}},"line":502},"33":{"name":"uploadCV","decl":{"start":{"line":524,"column":15},"end":{"line":524,"column":23}},"loc":{"start":{"line":524,"column":26},"end":{"line":570,"column":1}},"line":524},"34":{"name":"(anonymous_34)","decl":{"start":{"line":547,"column":15},"end":{"line":547,"column":16}},"loc":{"start":{"line":547,"column":21},"end":{"line":569,"column":5}},"line":547},"35":{"name":"(anonymous_35)","decl":{"start":{"line":565,"column":19},"end":{"line":565,"column":20}},"loc":{"start":{"line":565,"column":25},"end":{"line":567,"column":9}},"line":565}},"branchMap":{"0":{"loc":{"start":{"line":12,"column":22},"end":{"line":12,"column":66}},"type":"binary-expr","locations":[{"start":{"line":12,"column":22},"end":{"line":12,"column":58}},{"start":{"line":12,"column":62},"end":{"line":12,"column":66}}],"line":12},"1":{"loc":{"start":{"line":22,"column":36},"end":{"line":22,"column":89}},"type":"binary-expr","locations":[{"start":{"line":22,"column":36},"end":{"line":22,"column":81}},{"start":{"line":22,"column":85},"end":{"line":22,"column":89}}],"line":22},"2":{"loc":{"start":{"line":45,"column":14},"end":{"line":47,"column":140}},"type":"cond-expr","locations":[{"start":{"line":46,"column":18},"end":{"line":46,"column":70}},{"start":{"line":47,"column":18},"end":{"line":47,"column":140}}],"line":45},"3":{"loc":{"start":{"line":61,"column":40},"end":{"line":61,"column":80}},"type":"binary-expr","locations":[{"start":{"line":61,"column":40},"end":{"line":61,"column":72}},{"start":{"line":61,"column":76},"end":{"line":61,"column":80}}],"line":61},"4":{"loc":{"start":{"line":62,"column":35},"end":{"line":62,"column":59}},"type":"binary-expr","locations":[{"start":{"line":62,"column":35},"end":{"line":62,"column":53}},{"start":{"line":62,"column":57},"end":{"line":62,"column":59}}],"line":62},"5":{"loc":{"start":{"line":62,"column":70},"end":{"line":62,"column":93}},"type":"binary-expr","locations":[{"start":{"line":62,"column":70},"end":{"line":62,"column":87}},{"start":{"line":62,"column":91},"end":{"line":62,"column":93}}],"line":62},"6":{"loc":{"start":{"line":69,"column":31},"end":{"line":69,"column":66}},"type":"binary-expr","locations":[{"start":{"line":69,"column":31},"end":{"line":69,"column":51}},{"start":{"line":69,"column":55},"end":{"line":69,"column":66}}],"line":69},"7":{"loc":{"start":{"line":70,"column":32},"end":{"line":70,"column":52}},"type":"binary-expr","locations":[{"start":{"line":70,"column":32},"end":{"line":70,"column":46}},{"start":{"line":70,"column":50},"end":{"line":70,"column":52}}],"line":70},"8":{"loc":{"start":{"line":72,"column":24},"end":{"line":72,"column":53}},"type":"binary-expr","locations":[{"start":{"line":72,"column":24},"end":{"line":72,"column":40}},{"start":{"line":72,"column":44},"end":{"line":72,"column":53}}],"line":72},"9":{"loc":{"start":{"line":86,"column":4},"end":{"line":89,"column":5}},"type":"if","locations":[{"start":{"line":86,"column":4},"end":{"line":89,"column":5}},{"start":{},"end":{}}],"line":86},"10":{"loc":{"start":{"line":123,"column":32},"end":{"line":123,"column":72}},"type":"binary-expr","locations":[{"start":{"line":123,"column":32},"end":{"line":123,"column":64}},{"start":{"line":123,"column":68},"end":{"line":123,"column":72}}],"line":123},"11":{"loc":{"start":{"line":126,"column":62},"end":{"line":126,"column":88}},"type":"binary-expr","locations":[{"start":{"line":126,"column":62},"end":{"line":126,"column":75}},{"start":{"line":126,"column":79},"end":{"line":126,"column":88}}],"line":126},"12":{"loc":{"start":{"line":127,"column":61},"end":{"line":127,"column":90}},"type":"binary-expr","locations":[{"start":{"line":127,"column":61},"end":{"line":127,"column":77}},{"start":{"line":127,"column":81},"end":{"line":127,"column":90}}],"line":127},"13":{"loc":{"start":{"line":128,"column":58},"end":{"line":128,"column":85}},"type":"binary-expr","locations":[{"start":{"line":128,"column":58},"end":{"line":128,"column":72}},{"start":{"line":128,"column":76},"end":{"line":128,"column":85}}],"line":128},"14":{"loc":{"start":{"line":131,"column":24},"end":{"line":131,"column":43}},"type":"binary-expr","locations":[{"start":{"line":131,"column":24},"end":{"line":131,"column":37}},{"start":{"line":131,"column":41},"end":{"line":131,"column":43}}],"line":131},"15":{"loc":{"start":{"line":131,"column":47},"end":{"line":131,"column":69}},"type":"binary-expr","locations":[{"start":{"line":131,"column":47},"end":{"line":131,"column":63}},{"start":{"line":131,"column":67},"end":{"line":131,"column":69}}],"line":131},"16":{"loc":{"start":{"line":132,"column":53},"end":{"line":132,"column":91}},"type":"cond-expr","locations":[{"start":{"line":132,"column":71},"end":{"line":132,"column":79}},{"start":{"line":132,"column":82},"end":{"line":132,"column":91}}],"line":132},"17":{"loc":{"start":{"line":134,"column":53},"end":{"line":134,"column":81}},"type":"binary-expr","locations":[{"start":{"line":134,"column":53},"end":{"line":134,"column":66}},{"start":{"line":134,"column":70},"end":{"line":134,"column":81}}],"line":134},"18":{"loc":{"start":{"line":138,"column":26},"end":{"line":138,"column":50}},"type":"binary-expr","locations":[{"start":{"line":138,"column":26},"end":{"line":138,"column":44}},{"start":{"line":138,"column":48},"end":{"line":138,"column":50}}],"line":138},"19":{"loc":{"start":{"line":139,"column":20},"end":{"line":139,"column":81}},"type":"cond-expr","locations":[{"start":{"line":139,"column":59},"end":{"line":139,"column":76}},{"start":{"line":139,"column":79},"end":{"line":139,"column":81}}],"line":139},"20":{"loc":{"start":{"line":139,"column":21},"end":{"line":139,"column":55}},"type":"binary-expr","locations":[{"start":{"line":139,"column":21},"end":{"line":139,"column":34}},{"start":{"line":139,"column":38},"end":{"line":139,"column":55}}],"line":139},"21":{"loc":{"start":{"line":141,"column":4},"end":{"line":145,"column":5}},"type":"if","locations":[{"start":{"line":141,"column":4},"end":{"line":145,"column":5}},{"start":{"line":143,"column":11},"end":{"line":145,"column":5}}],"line":141},"22":{"loc":{"start":{"line":153,"column":4},"end":{"line":153,"column":67}},"type":"if","locations":[{"start":{"line":153,"column":4},"end":{"line":153,"column":67}},{"start":{},"end":{}}],"line":153},"23":{"loc":{"start":{"line":153,"column":47},"end":{"line":153,"column":66}},"type":"binary-expr","locations":[{"start":{"line":153,"column":47},"end":{"line":153,"column":60}},{"start":{"line":153,"column":64},"end":{"line":153,"column":66}}],"line":153},"24":{"loc":{"start":{"line":154,"column":4},"end":{"line":154,"column":68}},"type":"if","locations":[{"start":{"line":154,"column":4},"end":{"line":154,"column":68}},{"start":{},"end":{}}],"line":154},"25":{"loc":{"start":{"line":154,"column":45},"end":{"line":154,"column":67}},"type":"binary-expr","locations":[{"start":{"line":154,"column":45},"end":{"line":154,"column":61}},{"start":{"line":154,"column":65},"end":{"line":154,"column":67}}],"line":154},"26":{"loc":{"start":{"line":155,"column":4},"end":{"line":155,"column":60}},"type":"if","locations":[{"start":{"line":155,"column":4},"end":{"line":155,"column":60}},{"start":{},"end":{}}],"line":155},"27":{"loc":{"start":{"line":155,"column":39},"end":{"line":155,"column":59}},"type":"binary-expr","locations":[{"start":{"line":155,"column":39},"end":{"line":155,"column":53}},{"start":{"line":155,"column":57},"end":{"line":155,"column":59}}],"line":155},"28":{"loc":{"start":{"line":159,"column":4},"end":{"line":165,"column":5}},"type":"if","locations":[{"start":{"line":159,"column":4},"end":{"line":165,"column":5}},{"start":{},"end":{}}],"line":159},"29":{"loc":{"start":{"line":160,"column":8},"end":{"line":164,"column":9}},"type":"if","locations":[{"start":{"line":160,"column":8},"end":{"line":164,"column":9}},{"start":{"line":162,"column":15},"end":{"line":164,"column":9}}],"line":160},"30":{"loc":{"start":{"line":178,"column":4},"end":{"line":199,"column":5}},"type":"if","locations":[{"start":{"line":178,"column":4},"end":{"line":199,"column":5}},{"start":{"line":186,"column":11},"end":{"line":199,"column":5}}],"line":178},"31":{"loc":{"start":{"line":180,"column":23},"end":{"line":180,"column":98}},"type":"binary-expr","locations":[{"start":{"line":180,"column":23},"end":{"line":180,"column":58}},{"start":{"line":180,"column":62},"end":{"line":180,"column":98}}],"line":180},"32":{"loc":{"start":{"line":181,"column":8},"end":{"line":181,"column":51}},"type":"if","locations":[{"start":{"line":181,"column":8},"end":{"line":181,"column":51}},{"start":{},"end":{}}],"line":181},"33":{"loc":{"start":{"line":186,"column":11},"end":{"line":199,"column":5}},"type":"if","locations":[{"start":{"line":186,"column":11},"end":{"line":199,"column":5}},{"start":{"line":193,"column":11},"end":{"line":199,"column":5}}],"line":186},"34":{"loc":{"start":{"line":187,"column":23},"end":{"line":187,"column":98}},"type":"binary-expr","locations":[{"start":{"line":187,"column":23},"end":{"line":187,"column":58}},{"start":{"line":187,"column":62},"end":{"line":187,"column":98}}],"line":187},"35":{"loc":{"start":{"line":188,"column":8},"end":{"line":188,"column":51}},"type":"if","locations":[{"start":{"line":188,"column":8},"end":{"line":188,"column":51}},{"start":{},"end":{}}],"line":188},"36":{"loc":{"start":{"line":193,"column":11},"end":{"line":199,"column":5}},"type":"if","locations":[{"start":{"line":193,"column":11},"end":{"line":199,"column":5}},{"start":{},"end":{}}],"line":193},"37":{"loc":{"start":{"line":194,"column":23},"end":{"line":194,"column":101}},"type":"binary-expr","locations":[{"start":{"line":194,"column":23},"end":{"line":194,"column":61}},{"start":{"line":194,"column":65},"end":{"line":194,"column":101}}],"line":194},"38":{"loc":{"start":{"line":195,"column":8},"end":{"line":195,"column":51}},"type":"if","locations":[{"start":{"line":195,"column":8},"end":{"line":195,"column":51}},{"start":{},"end":{}}],"line":195},"39":{"loc":{"start":{"line":271,"column":4},"end":{"line":271,"column":26}},"type":"if","locations":[{"start":{"line":271,"column":4},"end":{"line":271,"column":26}},{"start":{},"end":{}}],"line":271},"40":{"loc":{"start":{"line":276,"column":32},"end":{"line":276,"column":72}},"type":"binary-expr","locations":[{"start":{"line":276,"column":32},"end":{"line":276,"column":64}},{"start":{"line":276,"column":68},"end":{"line":276,"column":72}}],"line":276},"41":{"loc":{"start":{"line":278,"column":26},"end":{"line":278,"column":50}},"type":"binary-expr","locations":[{"start":{"line":278,"column":26},"end":{"line":278,"column":44}},{"start":{"line":278,"column":48},"end":{"line":278,"column":50}}],"line":278},"42":{"loc":{"start":{"line":279,"column":26},"end":{"line":279,"column":69}},"type":"binary-expr","locations":[{"start":{"line":279,"column":26},"end":{"line":279,"column":63}},{"start":{"line":279,"column":67},"end":{"line":279,"column":69}}],"line":279},"43":{"loc":{"start":{"line":286,"column":4},"end":{"line":299,"column":5}},"type":"if","locations":[{"start":{"line":286,"column":4},"end":{"line":299,"column":5}},{"start":{"line":296,"column":11},"end":{"line":299,"column":5}}],"line":286},"44":{"loc":{"start":{"line":286,"column":8},"end":{"line":286,"column":49}},"type":"binary-expr","locations":[{"start":{"line":286,"column":8},"end":{"line":286,"column":21}},{"start":{"line":286,"column":25},"end":{"line":286,"column":49}}],"line":286},"45":{"loc":{"start":{"line":306,"column":32},"end":{"line":306,"column":72}},"type":"binary-expr","locations":[{"start":{"line":306,"column":32},"end":{"line":306,"column":64}},{"start":{"line":306,"column":68},"end":{"line":306,"column":72}}],"line":306},"46":{"loc":{"start":{"line":307,"column":26},"end":{"line":307,"column":50}},"type":"binary-expr","locations":[{"start":{"line":307,"column":26},"end":{"line":307,"column":44}},{"start":{"line":307,"column":48},"end":{"line":307,"column":50}}],"line":307},"47":{"loc":{"start":{"line":309,"column":53},"end":{"line":309,"column":72}},"type":"binary-expr","locations":[{"start":{"line":309,"column":53},"end":{"line":309,"column":66}},{"start":{"line":309,"column":70},"end":{"line":309,"column":72}}],"line":309},"48":{"loc":{"start":{"line":310,"column":52},"end":{"line":310,"column":74}},"type":"binary-expr","locations":[{"start":{"line":310,"column":52},"end":{"line":310,"column":68}},{"start":{"line":310,"column":72},"end":{"line":310,"column":74}}],"line":310},"49":{"loc":{"start":{"line":311,"column":49},"end":{"line":311,"column":69}},"type":"binary-expr","locations":[{"start":{"line":311,"column":49},"end":{"line":311,"column":63}},{"start":{"line":311,"column":67},"end":{"line":311,"column":69}}],"line":311},"50":{"loc":{"start":{"line":314,"column":49},"end":{"line":314,"column":74}},"type":"binary-expr","locations":[{"start":{"line":314,"column":49},"end":{"line":314,"column":68}},{"start":{"line":314,"column":72},"end":{"line":314,"column":74}}],"line":314},"51":{"loc":{"start":{"line":317,"column":16},"end":{"line":317,"column":72}},"type":"cond-expr","locations":[{"start":{"line":317,"column":36},"end":{"line":317,"column":67}},{"start":{"line":317,"column":70},"end":{"line":317,"column":72}}],"line":317},"52":{"loc":{"start":{"line":334,"column":4},"end":{"line":339,"column":5}},"type":"if","locations":[{"start":{"line":334,"column":4},"end":{"line":339,"column":5}},{"start":{"line":337,"column":11},"end":{"line":339,"column":5}}],"line":334},"53":{"loc":{"start":{"line":353,"column":8},"end":{"line":360,"column":9}},"type":"if","locations":[{"start":{"line":353,"column":8},"end":{"line":360,"column":9}},{"start":{},"end":{}}],"line":353},"54":{"loc":{"start":{"line":353,"column":12},"end":{"line":353,"column":53}},"type":"binary-expr","locations":[{"start":{"line":353,"column":12},"end":{"line":353,"column":23}},{"start":{"line":353,"column":27},"end":{"line":353,"column":35}},{"start":{"line":353,"column":39},"end":{"line":353,"column":53}}],"line":353},"55":{"loc":{"start":{"line":368,"column":4},"end":{"line":376,"column":5}},"type":"if","locations":[{"start":{"line":368,"column":4},"end":{"line":376,"column":5}},{"start":{"line":373,"column":11},"end":{"line":376,"column":5}}],"line":368},"56":{"loc":{"start":{"line":383,"column":32},"end":{"line":383,"column":72}},"type":"binary-expr","locations":[{"start":{"line":383,"column":32},"end":{"line":383,"column":64}},{"start":{"line":383,"column":68},"end":{"line":383,"column":72}}],"line":383},"57":{"loc":{"start":{"line":386,"column":4},"end":{"line":404,"column":5}},"type":"if","locations":[{"start":{"line":386,"column":4},"end":{"line":404,"column":5}},{"start":{},"end":{}}],"line":386},"58":{"loc":{"start":{"line":386,"column":8},"end":{"line":386,"column":62}},"type":"binary-expr","locations":[{"start":{"line":386,"column":8},"end":{"line":386,"column":27}},{"start":{"line":386,"column":31},"end":{"line":386,"column":62}}],"line":386},"59":{"loc":{"start":{"line":421,"column":58},"end":{"line":421,"column":99}},"type":"binary-expr","locations":[{"start":{"line":421,"column":58},"end":{"line":421,"column":68}},{"start":{"line":421,"column":72},"end":{"line":421,"column":99}}],"line":421},"60":{"loc":{"start":{"line":439,"column":32},"end":{"line":439,"column":72}},"type":"binary-expr","locations":[{"start":{"line":439,"column":32},"end":{"line":439,"column":64}},{"start":{"line":439,"column":68},"end":{"line":439,"column":72}}],"line":439},"61":{"loc":{"start":{"line":440,"column":26},"end":{"line":440,"column":50}},"type":"binary-expr","locations":[{"start":{"line":440,"column":26},"end":{"line":440,"column":44}},{"start":{"line":440,"column":48},"end":{"line":440,"column":50}}],"line":440},"62":{"loc":{"start":{"line":442,"column":51},"end":{"line":442,"column":74}},"type":"binary-expr","locations":[{"start":{"line":442,"column":51},"end":{"line":442,"column":68}},{"start":{"line":442,"column":72},"end":{"line":442,"column":74}}],"line":442},"63":{"loc":{"start":{"line":452,"column":4},"end":{"line":459,"column":5}},"type":"if","locations":[{"start":{"line":452,"column":4},"end":{"line":459,"column":5}},{"start":{"line":457,"column":11},"end":{"line":459,"column":5}}],"line":452},"64":{"loc":{"start":{"line":466,"column":4},"end":{"line":469,"column":5}},"type":"if","locations":[{"start":{"line":466,"column":4},"end":{"line":469,"column":5}},{"start":{},"end":{}}],"line":466},"65":{"loc":{"start":{"line":479,"column":8},"end":{"line":482,"column":9}},"type":"if","locations":[{"start":{"line":479,"column":8},"end":{"line":482,"column":9}},{"start":{},"end":{}}],"line":479},"66":{"loc":{"start":{"line":481,"column":28},"end":{"line":481,"column":75}},"type":"binary-expr","locations":[{"start":{"line":481,"column":28},"end":{"line":481,"column":43}},{"start":{"line":481,"column":47},"end":{"line":481,"column":75}}],"line":481},"67":{"loc":{"start":{"line":529,"column":4},"end":{"line":532,"column":5}},"type":"if","locations":[{"start":{"line":529,"column":4},"end":{"line":532,"column":5}},{"start":{},"end":{}}],"line":529},"68":{"loc":{"start":{"line":538,"column":4},"end":{"line":541,"column":5}},"type":"if","locations":[{"start":{"line":538,"column":4},"end":{"line":541,"column":5}},{"start":{},"end":{}}],"line":538},"69":{"loc":{"start":{"line":552,"column":34},"end":{"line":552,"column":74}},"type":"binary-expr","locations":[{"start":{"line":552,"column":34},"end":{"line":552,"column":66}},{"start":{"line":552,"column":70},"end":{"line":552,"column":74}}],"line":552},"70":{"loc":{"start":{"line":557,"column":8},"end":{"line":559,"column":9}},"type":"if","locations":[{"start":{"line":557,"column":8},"end":{"line":559,"column":9}},{"start":{},"end":{}}],"line":557},"71":{"loc":{"start":{"line":578,"column":0},"end":{"line":596,"column":1}},"type":"if","locations":[{"start":{"line":578,"column":0},"end":{"line":596,"column":1}},{"start":{"line":589,"column":7},"end":{"line":596,"column":1}}],"line":578},"72":{"loc":{"start":{"line":578,"column":4},"end":{"line":578,"column":51}},"type":"binary-expr","locations":[{"start":{"line":578,"column":4},"end":{"line":578,"column":33}},{"start":{"line":578,"column":37},"end":{"line":578,"column":51}}],"line":578}},"s":{"0":1,"1":1,"2":5,"3":4,"4":0,"5":1,"6":0,"7":0,"8":1,"9":1,"10":1,"11":1,"12":1,"13":4,"14":4,"15":4,"16":4,"17":4,"18":1,"19":4,"20":0,"21":0,"22":0,"23":0,"24":0,"25":0,"26":0,"27":0,"28":0,"29":0,"30":0,"31":1,"32":1,"33":1,"34":1,"35":1,"36":0,"37":0,"38":0,"39":0,"40":0,"41":0,"42":4,"43":4,"44":4,"45":4,"46":4,"47":4,"48":4,"49":4,"50":4,"51":4,"52":1,"53":3,"54":4,"55":4,"56":4,"57":4,"58":3,"59":4,"60":3,"61":4,"62":3,"63":4,"64":4,"65":3,"66":1,"67":2,"68":3,"69":9,"70":3,"71":9,"72":3,"73":1,"74":1,"75":1,"76":1,"77":1,"78":2,"79":1,"80":1,"81":1,"82":1,"83":1,"84":1,"85":1,"86":1,"87":1,"88":1,"89":1,"90":1,"91":1,"92":1,"93":1,"94":0,"95":0,"96":0,"97":0,"98":0,"99":0,"100":0,"101":0,"102":0,"103":0,"104":0,"105":0,"106":0,"107":0,"108":0,"109":0,"110":0,"111":0,"112":0,"113":0,"114":0,"115":0,"116":0,"117":0,"118":0,"119":0,"120":0,"121":0,"122":0,"123":0,"124":0,"125":0,"126":0,"127":0,"128":0,"129":0,"130":0,"131":0,"132":0,"133":0,"134":0,"135":0,"136":0,"137":0,"138":0,"139":0,"140":0,"141":0,"142":0,"143":0,"144":0,"145":0,"146":0,"147":0,"148":0,"149":0,"150":0,"151":0,"152":0,"153":0,"154":0,"155":0,"156":0,"157":0,"158":0,"159":0,"160":0,"161":0,"162":0,"163":0,"164":0,"165":0,"166":0,"167":0,"168":0,"169":0,"170":0,"171":0,"172":2,"173":2,"174":0,"175":0,"176":2,"177":2,"178":2,"179":1,"180":1,"181":1,"182":1,"183":1,"184":1,"185":1,"186":1,"187":1,"188":0,"189":0,"190":0,"191":0,"192":0,"193":0,"194":0,"195":0,"196":2,"197":2,"198":2,"199":1,"200":1,"201":1,"202":1,"203":1,"204":0,"205":0,"206":1,"207":1,"208":1,"209":1,"210":1,"211":1,"212":1,"213":1,"214":1,"215":1,"216":0,"217":1,"218":1,"219":0,"220":0,"221":0},"f":{"0":5,"1":4,"2":0,"3":1,"4":0,"5":0,"6":1,"7":4,"8":4,"9":0,"10":0,"11":1,"12":0,"13":4,"14":3,"15":9,"16":9,"17":1,"18":1,"19":0,"20":0,"21":0,"22":0,"23":0,"24":0,"25":0,"26":0,"27":0,"28":0,"29":0,"30":0,"31":2,"32":0,"33":2,"34":1,"35":0},"b":{"0":[5,5],"1":[1,1],"2":[0,4],"3":[0,0],"4":[0,0],"5":[0,0],"6":[0,0],"7":[0,0],"8":[0,0],"9":[1,0],"10":[4,1],"11":[4,2],"12":[4,3],"13":[4,3],"14":[4,2],"15":[4,3],"16":[2,2],"17":[4,3],"18":[4,3],"19":[1,3],"20":[4,4],"21":[1,3],"22":[3,1],"23":[3,1],"24":[3,1],"25":[3,2],"26":[3,1],"27":[3,2],"28":[3,1],"29":[1,2],"30":[1,2],"31":[1,0],"32":[1,0],"33":[1,1],"34":[1,0],"35":[1,0],"36":[1,0],"37":[1,0],"38":[1,0],"39":[0,0],"40":[0,0],"41":[0,0],"42":[0,0],"43":[0,0],"44":[0,0],"45":[0,0],"46":[0,0],"47":[0,0],"48":[0,0],"49":[0,0],"50":[0,0],"51":[0,0],"52":[0,0],"53":[0,0],"54":[0,0,0],"55":[0,0],"56":[0,0],"57":[0,0],"58":[0,0],"59":[0,0],"60":[0,0],"61":[0,0],"62":[0,0],"63":[0,0],"64":[0,2],"65":[1,1],"66":[1,0],"67":[1,1],"68":[0,1],"69":[1,0],"70":[1,0],"71":[1,0],"72":[1,1]},"_coverageSchema":"1a1c01bbd47fc00a2c39e90264f33305004495a9","hash":"dad91b10d63961911057dbaa41f6bb2ec2887d66"}
}
