TN:
SF:backend\index.js
FN:21,(anonymous_0)
FN:28,(anonymous_1)
FN:32,(anonymous_2)
FN:36,(anonymous_3)
FN:42,(anonymous_4)
FN:48,(anonymous_5)
FN:52,(anonymous_6)
FN:58,(anonymous_7)
FN:64,(anonymous_8)
FN:70,(anonymous_9)
FN:79,(anonymous_10)
FNF:11
FNH:0
FNDA:0,(anonymous_0)
FNDA:0,(anonymous_1)
FNDA:0,(anonymous_2)
FNDA:0,(anonymous_3)
FNDA:0,(anonymous_4)
FNDA:0,(anonymous_5)
FNDA:0,(anonymous_6)
FNDA:0,(anonymous_7)
FNDA:0,(anonymous_8)
FNDA:0,(anonymous_9)
FNDA:0,(anonymous_10)
DA:1,0
DA:3,0
DA:4,0
DA:5,0
DA:7,0
DA:8,0
DA:9,0
DA:11,0
DA:12,0
DA:13,0
DA:14,0
DA:15,0
DA:17,0
DA:19,0
DA:21,0
DA:22,0
DA:23,0
DA:26,0
DA:28,0
DA:29,0
DA:32,0
DA:33,0
DA:36,0
DA:37,0
DA:42,0
DA:43,0
DA:48,0
DA:49,0
DA:52,0
DA:53,0
DA:58,0
DA:59,0
DA:64,0
DA:65,0
DA:70,0
DA:71,0
DA:76,0
DA:78,0
DA:79,0
DA:80,0
LF:40
LH:0
BRDA:8,0,0,0
BRDA:8,0,1,0
BRDA:78,1,0,0
BRDA:78,1,1,0
BRF:4
BRH:0
end_of_record
TN:
SF:backend\prisma.config.js
FNF:0
FNH:0
LF:0
LH:0
BRF:0
BRH:0
end_of_record
TN:
SF:backend\routes\get_user.js
FN:5,getUsers
FN:15,getUserByEmail
FNF:2
FNH:2
FNDA:2,getUsers
FNDA:4,getUserByEmail
DA:1,1
DA:2,1
DA:3,1
DA:6,2
DA:7,2
DA:8,1
DA:10,1
DA:11,1
DA:16,4
DA:18,4
DA:19,1
DA:24,3
DA:25,3
DA:29,2
DA:30,1
DA:33,1
DA:35,1
DA:36,1
DA:40,1
DA:41,1
DA:43,1
DA:44,1
DA:46,1
LF:23
LH:23
BRDA:18,0,0,1
BRDA:18,0,1,3
BRDA:29,1,0,1
BRDA:29,1,1,1
BRF:4
BRH:4
end_of_record
TN:
SF:backend\routes\listings.js
FN:5,postListing
FN:40,(anonymous_1)
FN:59,(anonymous_2)
FN:84,(anonymous_3)
FN:93,(anonymous_4)
FN:104,(anonymous_5)
FN:116,(anonymous_6)
FN:149,(anonymous_7)
FN:166,(anonymous_8)
FN:187,(anonymous_9)
FN:201,(anonymous_10)
FN:214,(anonymous_11)
FNF:12
FNH:12
FNDA:4,postListing
FNDA:3,(anonymous_1)
FNDA:1,(anonymous_2)
FNDA:1,(anonymous_3)
FNDA:2,(anonymous_4)
FNDA:1,(anonymous_5)
FNDA:5,(anonymous_6)
FNDA:4,(anonymous_7)
FNDA:3,(anonymous_8)
FNDA:2,(anonymous_9)
FNDA:2,(anonymous_10)
FNDA:3,(anonymous_11)
DA:1,2
DA:2,2
DA:3,2
DA:6,4
DA:8,4
DA:9,4
DA:14,3
DA:15,1
DA:18,2
DA:33,2
DA:35,1
DA:36,1
DA:40,2
DA:41,3
DA:42,3
DA:43,3
DA:47,2
DA:48,1
DA:50,1
DA:53,1
DA:55,1
DA:59,2
DA:60,1
DA:62,1
DA:63,1
DA:66,1
DA:67,0
DA:70,1
DA:84,1
DA:86,0
DA:88,1
DA:89,1
DA:93,2
DA:94,2
DA:95,2
DA:98,1
DA:100,1
DA:104,2
DA:105,1
DA:106,1
DA:110,1
DA:112,0
DA:116,2
DA:117,5
DA:118,5
DA:119,5
DA:120,4
DA:122,3
DA:125,3
DA:127,2
DA:130,2
DA:132,1
DA:142,1
DA:144,1
DA:145,1
DA:149,2
DA:150,4
DA:151,4
DA:152,4
DA:153,4
DA:155,3
DA:159,2
DA:161,1
DA:162,1
DA:166,2
DA:167,3
DA:168,3
DA:169,3
DA:173,2
DA:174,1
DA:177,1
DA:181,1
DA:183,1
DA:187,2
DA:188,2
DA:189,2
DA:190,2
DA:191,2
DA:195,2
DA:197,0
DA:201,2
DA:202,2
DA:203,2
DA:204,2
DA:207,1
DA:209,1
DA:214,2
DA:215,3
DA:216,3
DA:217,3
DA:218,3
DA:222,2
DA:224,1
DA:227,2
DA:228,2
LF:95
LH:91
BRDA:14,0,0,1
BRDA:14,0,1,2
BRDA:14,1,0,3
BRDA:14,1,1,2
BRDA:22,2,0,1
BRDA:22,2,1,1
BRDA:24,3,0,1
BRDA:24,3,1,1
BRDA:25,4,0,2
BRDA:25,4,1,1
BRDA:26,5,0,2
BRDA:26,5,1,1
BRDA:27,6,0,1
BRDA:27,6,1,1
BRDA:27,7,0,2
BRDA:27,7,1,1
BRDA:28,8,0,1
BRDA:28,8,1,1
BRDA:28,9,0,2
BRDA:28,9,1,1
BRDA:47,10,0,1
BRDA:47,10,1,1
BRDA:47,11,0,2
BRDA:47,11,1,1
BRDA:66,12,0,0
BRDA:66,12,1,1
BRDA:77,13,0,1
BRDA:77,13,1,1
BRDA:120,14,0,1
BRDA:120,14,1,3
BRDA:125,15,0,1
BRDA:125,15,1,2
BRDA:130,16,0,1
BRDA:130,16,1,1
BRDA:153,17,0,1
BRDA:153,17,1,3
BRDA:173,18,0,1
BRDA:173,18,1,1
BRDA:173,19,0,2
BRDA:173,19,1,1
BRF:40
BRH:39
end_of_record
TN:
SF:backend\routes\user.js
FN:7,registerUser
FN:57,getUserRole
FNF:2
FNH:2
FNDA:5,registerUser
FNDA:3,getUserRole
DA:2,1
DA:3,1
DA:4,1
DA:8,5
DA:10,5
DA:12,5
DA:16,4
DA:17,1
DA:21,3
DA:33,3
DA:34,1
DA:43,3
DA:44,3
DA:47,1
DA:48,1
DA:49,1
DA:58,3
DA:60,3
DA:61,3
DA:66,2
DA:67,1
DA:70,1
DA:72,1
DA:73,1
DA:77,1
DA:78,1
DA:80,1
DA:81,1
DA:83,1
LF:29
LH:29
BRDA:16,0,0,1
BRDA:16,0,1,3
BRDA:33,1,0,1
BRDA:33,1,1,2
BRDA:66,2,0,1
BRDA:66,2,1,1
BRF:6
BRH:6
end_of_record
