TN:
SF:backend\index.js
FN:17,(anonymous_0)
FN:27,(anonymous_1)
FN:31,(anonymous_2)
FN:35,(anonymous_3)
FN:39,(anonymous_4)
FN:43,(anonymous_5)
FN:47,(anonymous_6)
FN:51,(anonymous_7)
FN:55,(anonymous_8)
FN:59,(anonymous_9)
FN:63,(anonymous_10)
FN:70,(anonymous_11)
FNF:12
FNH:0
FNDA:0,(anonymous_0)
FNDA:0,(anonymous_1)
FNDA:0,(anonymous_2)
FNDA:0,(anonymous_3)
FNDA:0,(anonymous_4)
FNDA:0,(anonymous_5)
FNDA:0,(anonymous_6)
FNDA:0,(anonymous_7)
FNDA:0,(anonymous_8)
FNDA:0,(anonymous_9)
FNDA:0,(anonymous_10)
FNDA:0,(anonymous_11)
DA:1,0
DA:3,0
DA:4,0
DA:5,0
DA:6,0
DA:7,0
DA:9,0
DA:10,0
DA:11,0
DA:13,0
DA:14,0
DA:17,0
DA:18,0
DA:19,0
DA:23,0
DA:24,0
DA:27,0
DA:28,0
DA:31,0
DA:32,0
DA:35,0
DA:36,0
DA:39,0
DA:40,0
DA:43,0
DA:44,0
DA:47,0
DA:48,0
DA:51,0
DA:52,0
DA:55,0
DA:56,0
DA:59,0
DA:60,0
DA:63,0
DA:64,0
DA:67,0
DA:69,0
DA:70,0
DA:71,0
LF:40
LH:0
BRDA:10,0,0,0
BRDA:10,0,1,0
BRDA:69,1,0,0
BRDA:69,1,1,0
BRF:4
BRH:0
end_of_record
TN:
SF:backend\prisma.config.js
FNF:0
FNH:0
DA:2,0
LF:1
LH:0
BRF:0
BRH:0
end_of_record
TN:
SF:backend\routes\profile.js
FN:7,getUserProfile
FN:40,(anonymous_1)
FN:48,(anonymous_2)
FN:63,updateUserProfile
FN:207,(anonymous_4)
FN:215,(anonymous_5)
FNF:6
FNH:2
FNDA:3,getUserProfile
FNDA:0,(anonymous_1)
FNDA:0,(anonymous_2)
FNDA:4,updateUserProfile
FNDA:0,(anonymous_4)
FNDA:0,(anonymous_5)
DA:1,1
DA:2,1
DA:3,1
DA:8,3
DA:10,3
DA:11,3
DA:30,2
DA:31,1
DA:35,1
DA:36,1
DA:39,1
DA:40,1
DA:48,1
DA:55,1
DA:57,1
DA:58,1
DA:64,4
DA:75,4
DA:77,4
DA:79,4
DA:83,3
DA:84,1
DA:88,2
DA:97,2
DA:98,1
DA:101,1
DA:117,1
DA:120,1
DA:125,1
DA:127,1
DA:134,1
DA:135,1
DA:144,1
DA:156,1
DA:159,1
DA:164,1
DA:166,1
DA:172,1
DA:173,0
DA:182,1
DA:193,2
DA:206,2
DA:207,0
DA:215,0
DA:222,0
DA:223,0
DA:227,2
DA:233,1
DA:234,1
DA:242,1
DA:243,1
DA:245,1
LF:52
LH:47
BRDA:30,0,0,1
BRDA:30,0,1,1
BRDA:39,1,0,1
BRDA:39,1,1,0
BRDA:83,2,0,1
BRDA:83,2,1,2
BRDA:91,3,0,2
BRDA:91,3,1,0
BRDA:92,4,0,0
BRDA:92,4,1,2
BRDA:97,5,0,1
BRDA:97,5,1,1
BRDA:98,6,0,1
BRDA:98,6,1,0
BRDA:104,7,0,1
BRDA:104,7,1,0
BRDA:105,8,0,1
BRDA:105,8,1,0
BRDA:106,9,0,1
BRDA:106,9,1,0
BRDA:110,10,0,1
BRDA:110,10,1,0
BRDA:111,11,0,1
BRDA:111,11,1,0
BRDA:112,12,0,1
BRDA:112,12,1,0
BRDA:117,13,0,1
BRDA:117,13,1,0
BRDA:117,14,0,1
BRDA:117,14,1,1
BRDA:129,15,0,1
BRDA:129,15,1,0
BRDA:134,16,0,1
BRDA:134,16,1,0
BRDA:137,17,0,1
BRDA:137,17,1,0
BRDA:156,18,0,1
BRDA:156,18,1,0
BRDA:156,19,0,1
BRDA:156,19,1,1
BRDA:172,20,0,0
BRDA:172,20,1,1
BRDA:176,21,0,0
BRDA:176,21,1,0
BRDA:206,22,0,0
BRDA:206,22,1,2
BRF:46
BRH:27
end_of_record
TN:
SF:backend\routes\user.js
FN:7,registerUser
FN:21,(anonymous_1)
FN:60,completeProviderOnboarding
FN:90,getUserRole
FN:113,getProviderOnboarded
FNF:5
FNH:0
FNDA:0,registerUser
FNDA:0,(anonymous_1)
FNDA:0,completeProviderOnboarding
FNDA:0,getUserRole
FNDA:0,getProviderOnboarded
DA:2,0
DA:3,0
DA:4,0
DA:8,0
DA:10,0
DA:12,0
DA:16,0
DA:17,0
DA:21,0
DA:22,0
DA:32,0
DA:33,0
DA:43,0
DA:46,0
DA:47,0
DA:50,0
DA:51,0
DA:52,0
DA:61,0
DA:63,0
DA:64,0
DA:69,0
DA:70,0
DA:73,0
DA:82,0
DA:84,0
DA:85,0
DA:91,0
DA:92,0
DA:93,0
DA:96,0
DA:97,0
DA:101,0
DA:102,0
DA:105,0
DA:107,0
DA:108,0
DA:114,0
DA:115,0
DA:116,0
DA:119,0
DA:120,0
DA:125,0
DA:126,0
DA:129,0
DA:135,0
DA:136,0
DA:140,0
DA:141,0
DA:142,0
DA:143,0
DA:145,0
DA:146,0
DA:147,0
DA:148,0
DA:150,0
LF:56
LH:0
BRDA:16,0,0,0
BRDA:16,0,1,0
BRDA:32,1,0,0
BRDA:32,1,1,0
BRDA:69,2,0,0
BRDA:69,2,1,0
BRDA:69,3,0,0
BRDA:69,3,1,0
BRDA:69,3,2,0
BRDA:77,4,0,0
BRDA:77,4,1,0
BRDA:92,5,0,0
BRDA:92,5,1,0
BRDA:101,6,0,0
BRDA:101,6,1,0
BRDA:115,7,0,0
BRDA:115,7,1,0
BRDA:125,8,0,0
BRDA:125,8,1,0
BRDA:125,9,0,0
BRDA:125,9,1,0
BRDA:125,9,2,0
BRDA:131,10,0,0
BRDA:131,10,1,0
BRDA:132,11,0,0
BRDA:132,11,1,0
BRF:26
BRH:0
end_of_record
TN:
SF:frontend\script.js
FN:8,(anonymous_0)
FN:16,(anonymous_1)
FN:24,(anonymous_2)
FN:33,(anonymous_3)
FN:48,(anonymous_4)
FNF:5
FNH:5
FNDA:1,(anonymous_0)
FNDA:1,(anonymous_1)
FNDA:1,(anonymous_2)
FNDA:1,(anonymous_3)
FNDA:1,(anonymous_4)
DA:1,5
DA:2,5
DA:3,5
DA:4,5
DA:5,5
DA:7,5
DA:8,5
DA:9,1
DA:10,1
DA:11,1
DA:15,5
DA:16,5
DA:17,1
DA:18,1
DA:19,1
DA:23,5
DA:24,5
DA:25,1
DA:26,1
DA:28,1
DA:32,5
DA:33,5
DA:34,1
DA:35,1
DA:37,1
DA:38,1
DA:39,1
DA:42,1
DA:43,1
DA:47,5
DA:48,5
DA:49,1
DA:50,1
DA:52,1
DA:53,1
DA:54,1
DA:57,1
DA:58,1
LF:38
LH:38
BRDA:7,0,0,5
BRDA:7,0,1,0
BRDA:15,1,0,5
BRDA:15,1,1,0
BRDA:23,2,0,5
BRDA:23,2,1,0
BRDA:32,3,0,5
BRDA:32,3,1,0
BRDA:37,4,0,1
BRDA:37,4,1,0
BRDA:47,5,0,5
BRDA:47,5,1,0
BRDA:52,6,0,1
BRDA:52,6,1,0
BRF:14
BRH:7
end_of_record
TN:
SF:frontend\roles_js\applicant_view.js
FN:11,getApplications
FN:16,hasApplied
FN:17,(anonymous_2)
FN:21,getAllOpportunities
FN:23,(anonymous_4)
FN:24,(anonymous_5)
FN:29,renderOpportunities
FN:34,(anonymous_7)
FN:54,(anonymous_8)
FN:55,(anonymous_9)
FN:76,(anonymous_10)
FN:82,renderApplications
FN:92,(anonymous_12)
FN:122,renderProfile
FN:172,showTab
FN:174,(anonymous_15)
FN:175,(anonymous_16)
FN:204,openModal
FN:208,closeModal
FN:231,addEducationRow
FN:242,(anonymous_20)
FN:269,removeEducationRow
FN:275,prepEducationInfoModal
FN:287,(anonymous_23)
FN:305,prepPersonalInfoModal
FN:323,savePersonalInfo
FN:343,saveEducationInfo
FN:381,renderEducationDisplay
FN:409,(anonymous_28)
FN:438,prepBioModal
FN:446,saveBio
FN:463,saveProfileChanges
FN:502,loadDataOnStartup
FN:524,uploadCV
FN:547,(anonymous_34)
FN:565,(anonymous_35)
FNF:36
FNH:16
FNDA:5,getApplications
FNDA:4,hasApplied
FNDA:0,(anonymous_2)
FNDA:1,getAllOpportunities
FNDA:0,(anonymous_4)
FNDA:0,(anonymous_5)
FNDA:1,renderOpportunities
FNDA:4,(anonymous_7)
FNDA:4,(anonymous_8)
FNDA:0,(anonymous_9)
FNDA:0,(anonymous_10)
FNDA:1,renderApplications
FNDA:0,(anonymous_12)
FNDA:4,renderProfile
FNDA:3,showTab
FNDA:9,(anonymous_15)
FNDA:9,(anonymous_16)
FNDA:1,openModal
FNDA:1,closeModal
FNDA:0,addEducationRow
FNDA:0,(anonymous_20)
FNDA:0,removeEducationRow
FNDA:0,prepEducationInfoModal
FNDA:0,(anonymous_23)
FNDA:0,prepPersonalInfoModal
FNDA:0,savePersonalInfo
FNDA:0,saveEducationInfo
FNDA:0,renderEducationDisplay
FNDA:0,(anonymous_28)
FNDA:0,prepBioModal
FNDA:0,saveBio
FNDA:2,saveProfileChanges
FNDA:0,loadDataOnStartup
FNDA:2,uploadCV
FNDA:1,(anonymous_34)
FNDA:0,(anonymous_35)
DA:1,1
DA:8,1
DA:12,5
DA:17,4
DA:22,1
DA:23,0
DA:24,0
DA:25,1
DA:30,1
DA:31,1
DA:32,1
DA:34,1
DA:35,4
DA:36,4
DA:37,4
DA:38,4
DA:51,4
DA:54,1
DA:55,4
DA:56,0
DA:57,0
DA:58,0
DA:61,0
DA:62,0
DA:64,0
DA:65,0
DA:74,0
DA:75,0
DA:76,0
DA:83,1
DA:84,1
DA:86,1
DA:87,1
DA:88,1
DA:91,0
DA:92,0
DA:93,0
DA:94,0
DA:95,0
DA:102,0
DA:123,4
DA:126,4
DA:127,4
DA:128,4
DA:131,4
DA:132,4
DA:134,4
DA:138,4
DA:139,4
DA:141,4
DA:142,1
DA:144,3
DA:149,4
DA:150,4
DA:151,4
DA:153,4
DA:154,4
DA:155,4
DA:158,4
DA:159,4
DA:160,3
DA:161,1
DA:163,2
DA:174,9
DA:175,9
DA:178,3
DA:180,1
DA:181,1
DA:183,1
DA:184,1
DA:186,2
DA:187,1
DA:188,1
DA:190,1
DA:191,1
DA:193,1
DA:194,1
DA:195,1
DA:197,1
DA:198,1
DA:205,1
DA:209,1
DA:214,1
DA:228,1
DA:232,0
DA:233,0
DA:236,0
DA:237,0
DA:238,0
DA:241,0
DA:242,0
DA:243,0
DA:246,0
DA:264,0
DA:270,0
DA:271,0
DA:276,0
DA:277,0
DA:278,0
DA:279,0
DA:282,0
DA:283,0
DA:286,0
DA:287,0
DA:288,0
DA:290,0
DA:292,0
DA:293,0
DA:294,0
DA:298,0
DA:301,0
DA:306,0
DA:307,0
DA:309,0
DA:310,0
DA:311,0
DA:314,0
DA:317,0
DA:318,0
DA:320,0
DA:325,0
DA:332,0
DA:334,0
DA:335,0
DA:336,0
DA:338,0
DA:344,0
DA:345,0
DA:348,0
DA:349,0
DA:350,0
DA:351,0
DA:353,0
DA:354,0
DA:364,0
DA:368,0
DA:369,0
DA:371,0
DA:372,0
DA:375,0
DA:382,0
DA:383,0
DA:386,0
DA:387,0
DA:403,0
DA:406,0
DA:409,0
DA:410,0
DA:411,0
DA:413,0
DA:433,0
DA:439,0
DA:440,0
DA:442,0
DA:443,0
DA:447,0
DA:450,0
DA:452,0
DA:453,0
DA:456,0
DA:458,0
DA:464,2
DA:466,2
DA:467,0
DA:468,0
DA:471,2
DA:473,2
DA:479,2
DA:480,1
DA:481,1
DA:485,1
DA:486,1
DA:487,1
DA:490,1
DA:493,1
DA:496,1
DA:497,1
DA:503,0
DA:505,0
DA:508,0
DA:509,0
DA:512,0
DA:516,0
DA:517,0
DA:520,0
DA:525,2
DA:526,2
DA:529,2
DA:530,1
DA:531,1
DA:534,1
DA:537,1
DA:538,1
DA:539,0
DA:540,0
DA:544,1
DA:547,1
DA:549,1
DA:552,1
DA:553,1
DA:554,1
DA:557,1
DA:558,1
DA:562,1
DA:565,1
DA:566,0
DA:578,1
DA:580,1
DA:593,0
DA:594,0
DA:595,0
LF:211
LH:100
BRDA:12,0,0,5
BRDA:12,0,1,5
BRDA:22,1,0,1
BRDA:22,1,1,1
BRDA:45,2,0,0
BRDA:45,2,1,4
BRDA:61,3,0,0
BRDA:61,3,1,0
BRDA:62,4,0,0
BRDA:62,4,1,0
BRDA:62,5,0,0
BRDA:62,5,1,0
BRDA:69,6,0,0
BRDA:69,6,1,0
BRDA:70,7,0,0
BRDA:70,7,1,0
BRDA:72,8,0,0
BRDA:72,8,1,0
BRDA:86,9,0,1
BRDA:86,9,1,0
BRDA:123,10,0,4
BRDA:123,10,1,1
BRDA:126,11,0,4
BRDA:126,11,1,2
BRDA:127,12,0,4
BRDA:127,12,1,3
BRDA:128,13,0,4
BRDA:128,13,1,3
BRDA:131,14,0,4
BRDA:131,14,1,2
BRDA:131,15,0,4
BRDA:131,15,1,3
BRDA:132,16,0,2
BRDA:132,16,1,2
BRDA:134,17,0,4
BRDA:134,17,1,3
BRDA:138,18,0,4
BRDA:138,18,1,3
BRDA:139,19,0,1
BRDA:139,19,1,3
BRDA:139,20,0,4
BRDA:139,20,1,4
BRDA:141,21,0,1
BRDA:141,21,1,3
BRDA:153,22,0,3
BRDA:153,22,1,1
BRDA:153,23,0,3
BRDA:153,23,1,1
BRDA:154,24,0,3
BRDA:154,24,1,1
BRDA:154,25,0,3
BRDA:154,25,1,2
BRDA:155,26,0,3
BRDA:155,26,1,1
BRDA:155,27,0,3
BRDA:155,27,1,2
BRDA:159,28,0,3
BRDA:159,28,1,1
BRDA:160,29,0,1
BRDA:160,29,1,2
BRDA:178,30,0,1
BRDA:178,30,1,2
BRDA:180,31,0,1
BRDA:180,31,1,0
BRDA:181,32,0,1
BRDA:181,32,1,0
BRDA:186,33,0,1
BRDA:186,33,1,1
BRDA:187,34,0,1
BRDA:187,34,1,0
BRDA:188,35,0,1
BRDA:188,35,1,0
BRDA:193,36,0,1
BRDA:193,36,1,0
BRDA:194,37,0,1
BRDA:194,37,1,0
BRDA:195,38,0,1
BRDA:195,38,1,0
BRDA:271,39,0,0
BRDA:271,39,1,0
BRDA:276,40,0,0
BRDA:276,40,1,0
BRDA:278,41,0,0
BRDA:278,41,1,0
BRDA:279,42,0,0
BRDA:279,42,1,0
BRDA:286,43,0,0
BRDA:286,43,1,0
BRDA:286,44,0,0
BRDA:286,44,1,0
BRDA:306,45,0,0
BRDA:306,45,1,0
BRDA:307,46,0,0
BRDA:307,46,1,0
BRDA:309,47,0,0
BRDA:309,47,1,0
BRDA:310,48,0,0
BRDA:310,48,1,0
BRDA:311,49,0,0
BRDA:311,49,1,0
BRDA:314,50,0,0
BRDA:314,50,1,0
BRDA:317,51,0,0
BRDA:317,51,1,0
BRDA:334,52,0,0
BRDA:334,52,1,0
BRDA:353,53,0,0
BRDA:353,53,1,0
BRDA:353,54,0,0
BRDA:353,54,1,0
BRDA:353,54,2,0
BRDA:368,55,0,0
BRDA:368,55,1,0
BRDA:383,56,0,0
BRDA:383,56,1,0
BRDA:386,57,0,0
BRDA:386,57,1,0
BRDA:386,58,0,0
BRDA:386,58,1,0
BRDA:421,59,0,0
BRDA:421,59,1,0
BRDA:439,60,0,0
BRDA:439,60,1,0
BRDA:440,61,0,0
BRDA:440,61,1,0
BRDA:442,62,0,0
BRDA:442,62,1,0
BRDA:452,63,0,0
BRDA:452,63,1,0
BRDA:466,64,0,0
BRDA:466,64,1,2
BRDA:479,65,0,1
BRDA:479,65,1,1
BRDA:481,66,0,1
BRDA:481,66,1,0
BRDA:529,67,0,1
BRDA:529,67,1,1
BRDA:538,68,0,0
BRDA:538,68,1,1
BRDA:552,69,0,1
BRDA:552,69,1,0
BRDA:557,70,0,1
BRDA:557,70,1,0
BRDA:578,71,0,1
BRDA:578,71,1,0
BRDA:578,72,0,1
BRDA:578,72,1,1
BRF:147
BRH:69
end_of_record
